#
# A fatal error has been detected by the Java Runtime Environment:
#
#  EXCEPTION_ACCESS_VIOLATION (0xc0000005) at pc=0x0000000012945577, pid=5208, tid=6608
#
# JRE version: Java(TM) SE Runtime Environment (12.0.2+10) (build 12.0.2+10)
# Java VM: Java HotSpot(TM) 64-Bit Server VM (12.0.2+10, mixed mode, sharing, tiered, compressed oops, g1 gc, windows-amd64)
# Problematic frame:
# J 1242 c2 java.nio.DirectByteBuffer.get()B java.base@12.0.2 (28 bytes) @ 0x0000000012945577 [0x0000000012945520+0x0000000000000057]
#
# No core dump will be written. Minidumps are not enabled by default on client versions of Windows
#
# If you would like to submit a bug report, please visit:
#   http://bugreport.java.com/bugreport/crash.jsp
#

---------------  S U M M A R Y ------------

Command Line: -javaagent:D:\IntelliJ IDEA 2019.1.3\lib\idea_rt.jar=51441:D:\IntelliJ IDEA 2019.1.3\bin -Dfile.encoding=UTF-8 Start

Host: Intel(R) Core(TM) i7-3632QM CPU @ 2.20GHz, 8 cores, 7G,  Windows 7 , 64 bit Build 7601 (6.1.7601.24308)
Time: Sat Nov  9 11:49:44 2019 ?D1¨²¡À¨º¡Á?¨º¡À?? elapsed time: 3 seconds (0d 0h 0m 3s)

---------------  T H R E A D  ---------------

Current thread (0x0000000027713000):  JavaThread "pool-1-thread-2" [_thread_in_Java, id=6608, stack(0x000000002adf0000,0x000000002aef0000)]

Stack: [0x000000002adf0000,0x000000002aef0000],  sp=0x000000002aeef200,  free space=1020k
Native frames: (J=compiled Java code, j=interpreted, Vv=VM code, C=native code)
C  0x0000000012945577


siginfo: EXCEPTION_ACCESS_VIOLATION (0xc0000005), reading address 0x0000000029b20080


Register to memory mapping:

RIP=0x0000000012945577 is at entry_point+87 in (nmethod*)0x0000000012945390
RAX={method} {0x00000008001705f0} 'get' '()B' in 'java/nio/DirectByteBuffer'
RBX={method} {0x00000008001705f0} 'get' '()B' in 'java/nio/DirectByteBuffer'
RCX=0x0000000089685930 points into unknown readable memory: 05 00 00 00 00 00 00 00
RDX=0x0000000089685930 points into unknown readable memory: 05 00 00 00 00 00 00 00
RSP=0x000000002aeef200 is pointing into the stack for thread: 0x0000000027713000
RBP=0x000000002aeef2a0 is pointing into the stack for thread: 0x0000000027713000
RSI=0x0 is NULL
RDI=0x0000000022958378 is pointing into metadata
R8 =0x0 is NULL
R9 =0x0000000000000004 is an unknown value
R10=0x0000000029b20080 is an unknown value
R11=0x0000000000000001 is an unknown value
R12=0x0 is NULL
R13=0x000000002aeef250 is pointing into the stack for thread: 0x0000000027713000
R14=0x0 is NULL
R15=0x0000000027713000 is a thread


Registers:
RAX=0x00000008001705e8, RBX=0x00000008001705e8, RCX=0x0000000089685930, RDX=0x0000000089685930
RSP=0x000000002aeef200, RBP=0x000000002aeef2a0, RSI=0x0000000000000000, RDI=0x0000000022958378
R8 =0x0000000000000000, R9 =0x0000000000000004, R10=0x0000000029b20080, R11=0x0000000000000001
R12=0x0000000000000000, R13=0x000000002aeef250, R14=0x0000000000000000, R15=0x0000000027713000
RIP=0x0000000012945577, EFLAGS=0x0000000000010203

Top of Stack: (sp=0x000000002aeef200)
0x000000002aeef200:   0000000022958378 00000000000000b6
0x000000002aeef210:   000000002aeef2a0 000000000ae2db38
0x000000002aeef220:   0000000027713000 0000000000000000
0x000000002aeef230:   000000002aeef2a0 000000000ae19540
0x000000002aeef240:   000000000ae19880 000000000ae19540
0x000000002aeef250:   0000000089685930 000000002aeef258
0x000000002aeef260:   0000000028ef1d4c 000000002aeef330
0x000000002aeef270:   0000000028ef5510 0000000000000000
0x000000002aeef280:   0000000089513528 0000000028ef1fd0
0x000000002aeef290:   000000002aeef250 000000002aeef2f0
0x000000002aeef2a0:   000000002aeef380 000000000ae19e73
0x000000002aeef2b0:   0000000000000000 0000000000000000
0x000000002aeef2c0:   0000000000000000 0000000000000000
0x000000002aeef2d0:   0000000089538110 0000000000000000
0x000000002aeef2e0:   0000000000000000 00000000000010e0
0x000000002aeef2f0:   0000000000000000 0000000000000000 

Instructions: (pc=0x0000000012945577)
0x0000000012945477:   00 00 00 00 00 00 00 00 00 00 00 00 00 00 00 00
0x0000000012945487:   00 00 00 00 00 00 00 00 00 00 00 00 00 00 00 00
0x0000000012945497:   00 20 55 94 12 00 00 00 00 50 55 94 12 00 00 00
0x00000000129454a7:   00 20 55 94 12 00 00 00 00 30 02 00 00 ff ff ff
0x00000000129454b7:   ff 90 01 00 00 30 02 00 00 48 02 00 00 50 02 00
0x00000000129454c7:   00 00 00 00 00 88 02 00 00 b8 02 00 00 c0 02 00
0x00000000129454d7:   00 c0 02 00 00 c0 02 00 00 20 00 00 00 da 04 00
0x00000000129454e7:   00 04 00 00 00 00 00 00 00 02 00 00 00 00 00 00
0x00000000129454f7:   00 00 00 00 00 df 01 00 00 02 00 00 00 ff ff ff
0x0000000012945507:   ff ff ff ff ff 00 00 00 00 1b 60 4d b0 1f 64 19
0x0000000012945517:   00 00 64 0f 64 00 00 00 00 44 8b 52 08 49 c1 e2
0x0000000012945527:   03 49 bc 00 00 00 00 08 00 00 00 4d 03 d4 4d 33
0x0000000012945537:   e4 49 3b c2 0f 85 bf 28 4f f8 66 66 90 0f 1f 84
0x0000000012945547:   00 00 00 00 00 66 66 66 90 89 84 24 00 90 ff ff
0x0000000012945557:   55 48 83 ec 30 44 8b 52 1c 44 8b 5a 18 45 3b da
0x0000000012945567:   7d 23 4c 8b 52 10 4d 63 c3 41 ff c3 44 89 5a 18
0x0000000012945577:   43 0f be 04 02 48 83 c4 30 5d 4d 8b 97 08 01 00
0x0000000012945587:   00 41 85 02 c3 48 89 14 24 48 89 54 24 08 44 89
0x0000000012945597:   5c 24 10 44 89 54 24 14 ba 4d ff ff ff 66 66 90
0x00000000129455a7:   e8 d4 44 4f f8 0f 0b f4 f4 f4 f4 f4 f4 f4 f4 f4
0x00000000129455b7:   f4 f4 f4 f4 f4 f4 f4 f4 f4 e9 3b ec 52 f8 e8 00
0x00000000129455c7:   00 00 00 48 83 2c 24 05 e9 cc 40 4f f8 f4 f4 f4
0x00000000129455d7:   f4 60 b4 1a 82 00 00 00 00 e8 05 17 00 08 00 00
0x00000000129455e7:   00 68 5d 16 00 08 00 00 00 ff 03 00 02 00 00 00
0x00000000129455f7:   00 02 02 01 00 42 00 01 06 01 08 00 01 00 02 02
0x0000000012945607:   00 81 00 a1 0d 02 09 13 16 00 00 00 00 00 00 00
0x0000000012945617:   00 ff ff ff ff 00 00 00 00 00 00 00 00 00 00 00
0x0000000012945627:   00 8c 00 00 00 1b 00 00 00 00 00 00 00 01 00 00
0x0000000012945637:   00 b9 00 00 00 00 00 00 00 00 00 00 00 00 00 00
0x0000000012945647:   00 00 00 00 00 00 00 00 00 00 00 00 00 00 00 00
0x0000000012945657:   00 00 00 00 00 00 00 00 00 00 00 00 00 00 00 00
0x0000000012945667:   00 00 00 00 00 00 00 00 00 00 00 00 00 00 00 00 


Stack slot to memory mapping:
stack at sp + 0 slots: 0x0000000022958378 is pointing into metadata
stack at sp + 1 slots: 0x00000000000000b6 is an unknown value
stack at sp + 2 slots: 0x000000002aeef2a0 is pointing into the stack for thread: 0x0000000027713000
stack at sp + 3 slots: 0x000000000ae2db38 is at code_begin+184 in an Interpreter codelet
invokevirtual  182 invokevirtual  [0x000000000ae2da80, 0x000000000ae2dfc0]  1344 bytes
stack at sp + 4 slots: 0x0000000027713000 is a thread
stack at sp + 5 slots: 0x0 is NULL
stack at sp + 6 slots: 0x000000002aeef2a0 is pointing into the stack for thread: 0x0000000027713000
stack at sp + 7 slots: 0x000000000ae19540 is at code_begin+0 in an Interpreter codelet
invoke return entry points  [0x000000000ae19540, 0x000000000ae19f60]  2592 bytes



---------------  P R O C E S S  ---------------

Threads class SMR info:
_java_thread_list=0x0000000027b999d0, length=25, elements={
0x0000000000256800, 0x00000000224d9000, 0x00000000224db800, 0x00000000224f1800,
0x00000000224f4800, 0x00000000224f6800, 0x00000000224fc000, 0x0000000022508000,
0x000000001f2a9000, 0x0000000023b0c800, 0x0000000023b0d800, 0x000000002446b800,
0x000000002446f000, 0x000000002447c000, 0x0000000025274000, 0x0000000027710800,
0x0000000027711800, 0x0000000027712000, 0x0000000027713000, 0x0000000027714000,
0x0000000027714800, 0x0000000027715800, 0x0000000027716800, 0x0000000027717000,
0x0000000027718000
}

Java Threads: ( => current thread )
  0x0000000000256800 JavaThread "main" [_thread_blocked, id=8000, stack(0x0000000002190000,0x0000000002290000)]
  0x00000000224d9000 JavaThread "Reference Handler" daemon [_thread_blocked, id=3760, stack(0x0000000021f40000,0x0000000022040000)]
  0x00000000224db800 JavaThread "Finalizer" daemon [_thread_blocked, id=7204, stack(0x0000000022f40000,0x0000000023040000)]
  0x00000000224f1800 JavaThread "Signal Dispatcher" daemon [_thread_blocked, id=5608, stack(0x00000000231e0000,0x00000000232e0000)]
  0x00000000224f4800 JavaThread "Attach Listener" daemon [_thread_blocked, id=7676, stack(0x00000000230c0000,0x00000000231c0000)]
  0x00000000224f6800 JavaThread "C2 CompilerThread0" daemon [_thread_blocked, id=7404, stack(0x0000000023420000,0x0000000023520000)]
  0x00000000224fc000 JavaThread "C1 CompilerThread0" daemon [_thread_blocked, id=8116, stack(0x00000000236b0000,0x00000000237b0000)]
  0x0000000022508000 JavaThread "Sweeper thread" daemon [_thread_blocked, id=7320, stack(0x0000000023320000,0x0000000023420000)]
  0x000000001f2a9000 JavaThread "Common-Cleaner" daemon [_thread_blocked, id=8108, stack(0x0000000023c70000,0x0000000023d70000)]
  0x0000000023b0c800 JavaThread "Monitor Ctrl-Break" daemon [_thread_in_native, id=8092, stack(0x0000000023560000,0x0000000023660000)]
  0x0000000023b0d800 JavaThread "Service Thread" daemon [_thread_blocked, id=4932, stack(0x00000000241c0000,0x00000000242c0000)]
  0x000000002446b800 JavaThread "Java2D Disposer" daemon [_thread_blocked, id=7916, stack(0x0000000024c70000,0x0000000024d70000)]
  0x000000002446f000 JavaThread "AWT-Shutdown" [_thread_blocked, id=8088, stack(0x0000000024e50000,0x0000000024f50000)]
  0x000000002447c000 JavaThread "AWT-Windows" daemon [_thread_in_native, id=6680, stack(0x0000000024f80000,0x0000000025080000)]
  0x0000000025274000 JavaThread "AWT-EventQueue-0" [_thread_blocked, id=5680, stack(0x00000000262b0000,0x00000000263b0000)]
  0x0000000027710800 JavaThread "TimerQueue" daemon [_thread_blocked, id=7068, stack(0x0000000028740000,0x0000000028840000)]
  0x0000000027711800 JavaThread "JavaCPP Deallocator" daemon [_thread_blocked, id=6796, stack(0x0000000028ba0000,0x0000000028ca0000)]
  0x0000000027712000 JavaThread "pool-1-thread-1" [_thread_blocked, id=7940, stack(0x00000000290b0000,0x00000000291b0000)]
=>0x0000000027713000 JavaThread "pool-1-thread-2" [_thread_in_Java, id=6608, stack(0x000000002adf0000,0x000000002aef0000)]
  0x0000000027714000 JavaThread "pool-1-thread-3" [_thread_blocked, id=7520, stack(0x000000002b1d0000,0x000000002b2d0000)]
  0x0000000027714800 JavaThread "pool-1-thread-4" [_thread_blocked, id=1960, stack(0x000000002b320000,0x000000002b420000)]
  0x0000000027715800 JavaThread "pool-1-thread-5" [_thread_blocked, id=6768, stack(0x000000002acb0000,0x000000002adb0000)]
  0x0000000027716800 JavaThread "pool-1-thread-6" [_thread_blocked, id=7056, stack(0x000000002b530000,0x000000002b630000)]
  0x0000000027717000 JavaThread "pool-1-thread-7" [_thread_blocked, id=1332, stack(0x000000002b930000,0x000000002ba30000)]
  0x0000000027718000 JavaThread "pool-1-thread-8" [_thread_blocked, id=6460, stack(0x000000002ba30000,0x000000002bb30000)]

Other Threads:
  0x00000000224cf000 VMThread "VM Thread" [stack: 0x0000000022e20000,0x0000000022f20000] [id=5940]
  0x0000000023b17000 WatcherThread [stack: 0x00000000242c0000,0x00000000243c0000] [id=1260]
  0x000000001f1b9000 GCTaskThread "GC Thread#0" [stack: 0x000000001f3c0000,0x000000001f4c0000] [id=7704]
  0x00000000253a4000 GCTaskThread "GC Thread#1" [stack: 0x0000000029210000,0x0000000029310000] [id=5476]
  0x0000000025445000 GCTaskThread "GC Thread#2" [stack: 0x0000000028a20000,0x0000000028b20000] [id=8016]
  0x0000000025814800 GCTaskThread "GC Thread#3" [stack: 0x00000000293c0000,0x00000000294c0000] [id=8168]
  0x0000000024908800 GCTaskThread "GC Thread#4" [stack: 0x0000000029620000,0x0000000029720000] [id=8144]
  0x0000000025915800 GCTaskThread "GC Thread#5" [stack: 0x0000000029500000,0x0000000029600000] [id=1080]
  0x000000001f1c6000 ConcurrentGCThread "G1 Main Marker" [stack: 0x000000001f570000,0x000000001f670000] [id=1964]
  0x000000001f1ca800 ConcurrentGCThread "G1 Conc#0" [stack: 0x000000001f6d0000,0x000000001f7d0000] [id=7460]
  0x000000001f267800 ConcurrentGCThread "G1 Refine#0" [stack: 0x00000000220b0000,0x00000000221b0000] [id=5244]
  0x000000001f268800 ConcurrentGCThread "G1 Young RemSet Sampling" [stack: 0x0000000022280000,0x0000000022380000] [id=5652]

Threads with active compile tasks:

VM state:not at safepoint (normal execution)

VM Mutex/Monitor currently owned by a thread: None

Heap address: 0x0000000081c00000, size: 2020 MB, Compressed Oops mode: 32-bit
Narrow klass base: 0x0000000800000000, Narrow klass shift: 3
Compressed class space size: 1073741824 Address: 0x0000000801190000

Heap:
 garbage-first heap   total 131072K, used 21782K [0x0000000081c00000, 0x0000000100000000)
  region size 1024K, 9 young (9216K), 1 survivors (1024K)
 Metaspace       used 11861K, capacity 12240K, committed 12288K, reserved 1060864K
  class space    used 1326K, capacity 1494K, committed 1536K, reserved 1048576K
Heap Regions: E=young(eden), S=young(survivor), O=old, HS=humongous(starts), HC=humongous(continues), CS=collection set, F=free, A=archive, TAMS=top-at-mark-start (previous, next)
|   0|0x0000000081c00000, 0x0000000081d00000, 0x0000000081d00000|100%|HS|  |TAMS 0x0000000081c00000, 0x0000000081c00000| Complete 
|   1|0x0000000081d00000, 0x0000000081e00000, 0x0000000081e00000|100%|HC|  |TAMS 0x0000000081d00000, 0x0000000081d00000| Complete 
|   2|0x0000000081e00000, 0x0000000081f00000, 0x0000000081f00000|100%|HC|  |TAMS 0x0000000081e00000, 0x0000000081e00000| Complete 
|   3|0x0000000081f00000, 0x0000000082000000, 0x0000000082000000|100%|HC|  |TAMS 0x0000000081f00000, 0x0000000081f00000| Complete 
|   4|0x0000000082000000, 0x0000000082100000, 0x0000000082100000|100%| O|  |TAMS 0x0000000082000000, 0x0000000082000000| Untracked 
|   5|0x0000000082100000, 0x0000000082200000, 0x0000000082200000|100%| O|  |TAMS 0x0000000082100000, 0x0000000082100000| Untracked 
|   6|0x0000000082200000, 0x0000000082300000, 0x0000000082300000|100%| O|  |TAMS 0x0000000082200000, 0x0000000082200000| Untracked 
|   7|0x0000000082300000, 0x0000000082400000, 0x0000000082400000|100%| O|  |TAMS 0x0000000082300000, 0x0000000082300000| Untracked 
|   8|0x0000000082400000, 0x00000000824b0e00, 0x0000000082500000| 69%| O|  |TAMS 0x0000000082400000, 0x0000000082400000| Untracked 
|   9|0x0000000082500000, 0x0000000082600000, 0x0000000082600000|100%|HS|  |TAMS 0x0000000082500000, 0x0000000082500000| Complete 
|  10|0x0000000082600000, 0x0000000082700000, 0x0000000082700000|100%|HC|  |TAMS 0x0000000082600000, 0x0000000082600000| Complete 
|  11|0x0000000082700000, 0x0000000082800000, 0x0000000082800000|100%|HC|  |TAMS 0x0000000082700000, 0x0000000082700000| Complete 
|  12|0x0000000082800000, 0x0000000082900000, 0x0000000082900000|100%|HC|  |TAMS 0x0000000082800000, 0x0000000082800000| Complete 
|  13|0x0000000082900000, 0x0000000082a00000, 0x0000000082a00000|100%|HC|  |TAMS 0x0000000082900000, 0x0000000082900000| Complete 
|  14|0x0000000082a00000, 0x0000000082a00000, 0x0000000082b00000|  0%| F|  |TAMS 0x0000000082a00000, 0x0000000082a00000| Untracked 
|  15|0x0000000082b00000, 0x0000000082b00000, 0x0000000082c00000|  0%| F|  |TAMS 0x0000000082b00000, 0x0000000082b00000| Untracked 
|  16|0x0000000082c00000, 0x0000000082c00000, 0x0000000082d00000|  0%| F|  |TAMS 0x0000000082c00000, 0x0000000082c00000| Untracked 
|  17|0x0000000082d00000, 0x0000000082d00000, 0x0000000082e00000|  0%| F|  |TAMS 0x0000000082d00000, 0x0000000082d00000| Untracked 
|  18|0x0000000082e00000, 0x0000000082e00000, 0x0000000082f00000|  0%| F|  |TAMS 0x0000000082e00000, 0x0000000082e00000| Untracked 
|  19|0x0000000082f00000, 0x0000000082f00000, 0x0000000083000000|  0%| F|  |TAMS 0x0000000082f00000, 0x0000000082f00000| Untracked 
|  20|0x0000000083000000, 0x0000000083000000, 0x0000000083100000|  0%| F|  |TAMS 0x0000000083000000, 0x0000000083000000| Untracked 
|  21|0x0000000083100000, 0x0000000083100000, 0x0000000083200000|  0%| F|  |TAMS 0x0000000083100000, 0x0000000083100000| Untracked 
|  22|0x0000000083200000, 0x0000000083200000, 0x0000000083300000|  0%| F|  |TAMS 0x0000000083200000, 0x0000000083200000| Untracked 
|  23|0x0000000083300000, 0x0000000083300000, 0x0000000083400000|  0%| F|  |TAMS 0x0000000083300000, 0x0000000083300000| Untracked 
|  24|0x0000000083400000, 0x0000000083400000, 0x0000000083500000|  0%| F|  |TAMS 0x0000000083400000, 0x0000000083400000| Untracked 
|  25|0x0000000083500000, 0x0000000083500000, 0x0000000083600000|  0%| F|  |TAMS 0x0000000083500000, 0x0000000083500000| Untracked 
|  26|0x0000000083600000, 0x0000000083600000, 0x0000000083700000|  0%| F|  |TAMS 0x0000000083600000, 0x0000000083600000| Untracked 
|  27|0x0000000083700000, 0x0000000083700000, 0x0000000083800000|  0%| F|  |TAMS 0x0000000083700000, 0x0000000083700000| Untracked 
|  28|0x0000000083800000, 0x0000000083800000, 0x0000000083900000|  0%| F|  |TAMS 0x0000000083800000, 0x0000000083800000| Untracked 
|  29|0x0000000083900000, 0x0000000083900000, 0x0000000083a00000|  0%| F|  |TAMS 0x0000000083900000, 0x0000000083900000| Untracked 
|  30|0x0000000083a00000, 0x0000000083a00000, 0x0000000083b00000|  0%| F|  |TAMS 0x0000000083a00000, 0x0000000083a00000| Untracked 
|  31|0x0000000083b00000, 0x0000000083b00000, 0x0000000083c00000|  0%| F|  |TAMS 0x0000000083b00000, 0x0000000083b00000| Untracked 
|  32|0x0000000083c00000, 0x0000000083c00000, 0x0000000083d00000|  0%| F|  |TAMS 0x0000000083c00000, 0x0000000083c00000| Untracked 
|  33|0x0000000083d00000, 0x0000000083d00000, 0x0000000083e00000|  0%| F|  |TAMS 0x0000000083d00000, 0x0000000083d00000| Untracked 
|  34|0x0000000083e00000, 0x0000000083e00000, 0x0000000083f00000|  0%| F|  |TAMS 0x0000000083e00000, 0x0000000083e00000| Untracked 
|  35|0x0000000083f00000, 0x0000000083f00000, 0x0000000084000000|  0%| F|  |TAMS 0x0000000083f00000, 0x0000000083f00000| Untracked 
|  36|0x0000000084000000, 0x0000000084000000, 0x0000000084100000|  0%| F|  |TAMS 0x0000000084000000, 0x0000000084000000| Untracked 
|  37|0x0000000084100000, 0x0000000084100000, 0x0000000084200000|  0%| F|  |TAMS 0x0000000084100000, 0x0000000084100000| Untracked 
|  38|0x0000000084200000, 0x0000000084200000, 0x0000000084300000|  0%| F|  |TAMS 0x0000000084200000, 0x0000000084200000| Untracked 
|  39|0x0000000084300000, 0x0000000084300000, 0x0000000084400000|  0%| F|  |TAMS 0x0000000084300000, 0x0000000084300000| Untracked 
|  40|0x0000000084400000, 0x0000000084400000, 0x0000000084500000|  0%| F|  |TAMS 0x0000000084400000, 0x0000000084400000| Untracked 
|  41|0x0000000084500000, 0x0000000084500000, 0x0000000084600000|  0%| F|  |TAMS 0x0000000084500000, 0x0000000084500000| Untracked 
|  42|0x0000000084600000, 0x0000000084600000, 0x0000000084700000|  0%| F|  |TAMS 0x0000000084600000, 0x0000000084600000| Untracked 
|  43|0x0000000084700000, 0x0000000084700000, 0x0000000084800000|  0%| F|  |TAMS 0x0000000084700000, 0x0000000084700000| Untracked 
|  44|0x0000000084800000, 0x0000000084800000, 0x0000000084900000|  0%| F|  |TAMS 0x0000000084800000, 0x0000000084800000| Untracked 
|  45|0x0000000084900000, 0x0000000084900000, 0x0000000084a00000|  0%| F|  |TAMS 0x0000000084900000, 0x0000000084900000| Untracked 
|  46|0x0000000084a00000, 0x0000000084a00000, 0x0000000084b00000|  0%| F|  |TAMS 0x0000000084a00000, 0x0000000084a00000| Untracked 
|  47|0x0000000084b00000, 0x0000000084b00000, 0x0000000084c00000|  0%| F|  |TAMS 0x0000000084b00000, 0x0000000084b00000| Untracked 
|  48|0x0000000084c00000, 0x0000000084c00000, 0x0000000084d00000|  0%| F|  |TAMS 0x0000000084c00000, 0x0000000084c00000| Untracked 
|  49|0x0000000084d00000, 0x0000000084d00000, 0x0000000084e00000|  0%| F|  |TAMS 0x0000000084d00000, 0x0000000084d00000| Untracked 
|  50|0x0000000084e00000, 0x0000000084e00000, 0x0000000084f00000|  0%| F|  |TAMS 0x0000000084e00000, 0x0000000084e00000| Untracked 
|  51|0x0000000084f00000, 0x0000000084f00000, 0x0000000085000000|  0%| F|  |TAMS 0x0000000084f00000, 0x0000000084f00000| Untracked 
|  52|0x0000000085000000, 0x0000000085000000, 0x0000000085100000|  0%| F|  |TAMS 0x0000000085000000, 0x0000000085000000| Untracked 
|  53|0x0000000085100000, 0x0000000085100000, 0x0000000085200000|  0%| F|  |TAMS 0x0000000085100000, 0x0000000085100000| Untracked 
|  54|0x0000000085200000, 0x0000000085200000, 0x0000000085300000|  0%| F|  |TAMS 0x0000000085200000, 0x0000000085200000| Untracked 
|  55|0x0000000085300000, 0x0000000085300000, 0x0000000085400000|  0%| F|  |TAMS 0x0000000085300000, 0x0000000085300000| Untracked 
|  56|0x0000000085400000, 0x0000000085400000, 0x0000000085500000|  0%| F|  |TAMS 0x0000000085400000, 0x0000000085400000| Untracked 
|  57|0x0000000085500000, 0x0000000085500000, 0x0000000085600000|  0%| F|  |TAMS 0x0000000085500000, 0x0000000085500000| Untracked 
|  58|0x0000000085600000, 0x0000000085600000, 0x0000000085700000|  0%| F|  |TAMS 0x0000000085600000, 0x0000000085600000| Untracked 
|  59|0x0000000085700000, 0x0000000085700000, 0x0000000085800000|  0%| F|  |TAMS 0x0000000085700000, 0x0000000085700000| Untracked 
|  60|0x0000000085800000, 0x0000000085800000, 0x0000000085900000|  0%| F|  |TAMS 0x0000000085800000, 0x0000000085800000| Untracked 
|  61|0x0000000085900000, 0x0000000085900000, 0x0000000085a00000|  0%| F|  |TAMS 0x0000000085900000, 0x0000000085900000| Untracked 
|  62|0x0000000085a00000, 0x0000000085a00000, 0x0000000085b00000|  0%| F|  |TAMS 0x0000000085a00000, 0x0000000085a00000| Untracked 
|  63|0x0000000085b00000, 0x0000000085b00000, 0x0000000085c00000|  0%| F|  |TAMS 0x0000000085b00000, 0x0000000085b00000| Untracked 
|  64|0x0000000085c00000, 0x0000000085c00000, 0x0000000085d00000|  0%| F|  |TAMS 0x0000000085c00000, 0x0000000085c00000| Untracked 
|  65|0x0000000085d00000, 0x0000000085d00000, 0x0000000085e00000|  0%| F|  |TAMS 0x0000000085d00000, 0x0000000085d00000| Untracked 
|  66|0x0000000085e00000, 0x0000000085e00000, 0x0000000085f00000|  0%| F|  |TAMS 0x0000000085e00000, 0x0000000085e00000| Untracked 
|  67|0x0000000085f00000, 0x0000000085f00000, 0x0000000086000000|  0%| F|  |TAMS 0x0000000085f00000, 0x0000000085f00000| Untracked 
|  68|0x0000000086000000, 0x0000000086000000, 0x0000000086100000|  0%| F|  |TAMS 0x0000000086000000, 0x0000000086000000| Untracked 
|  69|0x0000000086100000, 0x0000000086100000, 0x0000000086200000|  0%| F|  |TAMS 0x0000000086100000, 0x0000000086100000| Untracked 
|  70|0x0000000086200000, 0x0000000086200000, 0x0000000086300000|  0%| F|  |TAMS 0x0000000086200000, 0x0000000086200000| Untracked 
|  71|0x0000000086300000, 0x0000000086300000, 0x0000000086400000|  0%| F|  |TAMS 0x0000000086300000, 0x0000000086300000| Untracked 
|  72|0x0000000086400000, 0x0000000086400000, 0x0000000086500000|  0%| F|  |TAMS 0x0000000086400000, 0x0000000086400000| Untracked 
|  73|0x0000000086500000, 0x0000000086500000, 0x0000000086600000|  0%| F|  |TAMS 0x0000000086500000, 0x0000000086500000| Untracked 
|  74|0x0000000086600000, 0x0000000086600000, 0x0000000086700000|  0%| F|  |TAMS 0x0000000086600000, 0x0000000086600000| Untracked 
|  75|0x0000000086700000, 0x0000000086700000, 0x0000000086800000|  0%| F|  |TAMS 0x0000000086700000, 0x0000000086700000| Untracked 
|  76|0x0000000086800000, 0x0000000086800000, 0x0000000086900000|  0%| F|  |TAMS 0x0000000086800000, 0x0000000086800000| Untracked 
|  77|0x0000000086900000, 0x0000000086900000, 0x0000000086a00000|  0%| F|  |TAMS 0x0000000086900000, 0x0000000086900000| Untracked 
|  78|0x0000000086a00000, 0x0000000086a00000, 0x0000000086b00000|  0%| F|  |TAMS 0x0000000086a00000, 0x0000000086a00000| Untracked 
|  79|0x0000000086b00000, 0x0000000086b00000, 0x0000000086c00000|  0%| F|  |TAMS 0x0000000086b00000, 0x0000000086b00000| Untracked 
|  80|0x0000000086c00000, 0x0000000086c00000, 0x0000000086d00000|  0%| F|  |TAMS 0x0000000086c00000, 0x0000000086c00000| Untracked 
|  81|0x0000000086d00000, 0x0000000086d00000, 0x0000000086e00000|  0%| F|  |TAMS 0x0000000086d00000, 0x0000000086d00000| Untracked 
|  82|0x0000000086e00000, 0x0000000086e00000, 0x0000000086f00000|  0%| F|  |TAMS 0x0000000086e00000, 0x0000000086e00000| Untracked 
|  83|0x0000000086f00000, 0x0000000086f00000, 0x0000000087000000|  0%| F|  |TAMS 0x0000000086f00000, 0x0000000086f00000| Untracked 
|  84|0x0000000087000000, 0x0000000087000000, 0x0000000087100000|  0%| F|  |TAMS 0x0000000087000000, 0x0000000087000000| Untracked 
|  85|0x0000000087100000, 0x0000000087100000, 0x0000000087200000|  0%| F|  |TAMS 0x0000000087100000, 0x0000000087100000| Untracked 
|  86|0x0000000087200000, 0x0000000087200000, 0x0000000087300000|  0%| F|  |TAMS 0x0000000087200000, 0x0000000087200000| Untracked 
|  87|0x0000000087300000, 0x0000000087300000, 0x0000000087400000|  0%| F|  |TAMS 0x0000000087300000, 0x0000000087300000| Untracked 
|  88|0x0000000087400000, 0x0000000087400000, 0x0000000087500000|  0%| F|  |TAMS 0x0000000087400000, 0x0000000087400000| Untracked 
|  89|0x0000000087500000, 0x0000000087500000, 0x0000000087600000|  0%| F|  |TAMS 0x0000000087500000, 0x0000000087500000| Untracked 
|  90|0x0000000087600000, 0x0000000087600000, 0x0000000087700000|  0%| F|  |TAMS 0x0000000087600000, 0x0000000087600000| Untracked 
|  91|0x0000000087700000, 0x0000000087700000, 0x0000000087800000|  0%| F|  |TAMS 0x0000000087700000, 0x0000000087700000| Untracked 
|  92|0x0000000087800000, 0x0000000087800000, 0x0000000087900000|  0%| F|  |TAMS 0x0000000087800000, 0x0000000087800000| Untracked 
|  93|0x0000000087900000, 0x0000000087900000, 0x0000000087a00000|  0%| F|  |TAMS 0x0000000087900000, 0x0000000087900000| Untracked 
|  94|0x0000000087a00000, 0x0000000087a00000, 0x0000000087b00000|  0%| F|  |TAMS 0x0000000087a00000, 0x0000000087a00000| Untracked 
|  95|0x0000000087b00000, 0x0000000087b00000, 0x0000000087c00000|  0%| F|  |TAMS 0x0000000087b00000, 0x0000000087b00000| Untracked 
|  96|0x0000000087c00000, 0x0000000087c00000, 0x0000000087d00000|  0%| F|  |TAMS 0x0000000087c00000, 0x0000000087c00000| Untracked 
|  97|0x0000000087d00000, 0x0000000087d00000, 0x0000000087e00000|  0%| F|  |TAMS 0x0000000087d00000, 0x0000000087d00000| Untracked 
|  98|0x0000000087e00000, 0x0000000087e00000, 0x0000000087f00000|  0%| F|  |TAMS 0x0000000087e00000, 0x0000000087e00000| Untracked 
|  99|0x0000000087f00000, 0x0000000087f00000, 0x0000000088000000|  0%| F|  |TAMS 0x0000000087f00000, 0x0000000087f00000| Untracked 
| 100|0x0000000088000000, 0x0000000088000000, 0x0000000088100000|  0%| F|  |TAMS 0x0000000088000000, 0x0000000088000000| Untracked 
| 101|0x0000000088100000, 0x0000000088100000, 0x0000000088200000|  0%| F|  |TAMS 0x0000000088100000, 0x0000000088100000| Untracked 
| 102|0x0000000088200000, 0x0000000088200000, 0x0000000088300000|  0%| F|  |TAMS 0x0000000088200000, 0x0000000088200000| Untracked 
| 103|0x0000000088300000, 0x0000000088300000, 0x0000000088400000|  0%| F|  |TAMS 0x0000000088300000, 0x0000000088300000| Untracked 
| 104|0x0000000088400000, 0x0000000088400000, 0x0000000088500000|  0%| F|  |TAMS 0x0000000088400000, 0x0000000088400000| Untracked 
| 105|0x0000000088500000, 0x0000000088500000, 0x0000000088600000|  0%| F|  |TAMS 0x0000000088500000, 0x0000000088500000| Untracked 
| 106|0x0000000088600000, 0x0000000088600000, 0x0000000088700000|  0%| F|  |TAMS 0x0000000088600000, 0x0000000088600000| Untracked 
| 107|0x0000000088700000, 0x0000000088794c70, 0x0000000088800000| 58%| S|CS|TAMS 0x0000000088700000, 0x0000000088700000| Complete 
| 108|0x0000000088800000, 0x0000000088800000, 0x0000000088900000|  0%| F|  |TAMS 0x0000000088800000, 0x0000000088800000| Untracked 
| 109|0x0000000088900000, 0x0000000088900000, 0x0000000088a00000|  0%| F|  |TAMS 0x0000000088900000, 0x0000000088900000| Untracked 
| 110|0x0000000088a00000, 0x0000000088a00000, 0x0000000088b00000|  0%| F|  |TAMS 0x0000000088a00000, 0x0000000088a00000| Untracked 
| 111|0x0000000088b00000, 0x0000000088b00000, 0x0000000088c00000|  0%| F|  |TAMS 0x0000000088b00000, 0x0000000088b00000| Untracked 
| 112|0x0000000088c00000, 0x0000000088c00000, 0x0000000088d00000|  0%| F|  |TAMS 0x0000000088c00000, 0x0000000088c00000| Untracked 
| 113|0x0000000088d00000, 0x0000000088d00000, 0x0000000088e00000|  0%| F|  |TAMS 0x0000000088d00000, 0x0000000088d00000| Untracked 
| 114|0x0000000088e00000, 0x0000000088e00000, 0x0000000088f00000|  0%| F|  |TAMS 0x0000000088e00000, 0x0000000088e00000| Untracked 
| 115|0x0000000088f00000, 0x0000000088f00000, 0x0000000089000000|  0%| F|  |TAMS 0x0000000088f00000, 0x0000000088f00000| Untracked 
| 116|0x0000000089000000, 0x0000000089000000, 0x0000000089100000|  0%| F|  |TAMS 0x0000000089000000, 0x0000000089000000| Untracked 
| 117|0x0000000089100000, 0x0000000089100000, 0x0000000089200000|  0%| F|  |TAMS 0x0000000089100000, 0x0000000089100000| Untracked 
| 118|0x0000000089200000, 0x0000000089200000, 0x0000000089300000|  0%| F|  |TAMS 0x0000000089200000, 0x0000000089200000| Untracked 
| 119|0x0000000089300000, 0x0000000089300000, 0x0000000089400000|  0%| F|  |TAMS 0x0000000089300000, 0x0000000089300000| Untracked 
| 120|0x0000000089400000, 0x00000000894c5548, 0x0000000089500000| 77%| E|  |TAMS 0x0000000089400000, 0x0000000089400000| Complete 
| 121|0x0000000089500000, 0x0000000089600000, 0x0000000089600000|100%| E|CS|TAMS 0x0000000089500000, 0x0000000089500000| Complete 
| 122|0x0000000089600000, 0x0000000089700000, 0x0000000089700000|100%| E|CS|TAMS 0x0000000089600000, 0x0000000089600000| Complete 
| 123|0x0000000089700000, 0x0000000089800000, 0x0000000089800000|100%| E|CS|TAMS 0x0000000089700000, 0x0000000089700000| Complete 
| 124|0x0000000089800000, 0x0000000089900000, 0x0000000089900000|100%| E|CS|TAMS 0x0000000089800000, 0x0000000089800000| Complete 
| 125|0x0000000089900000, 0x0000000089a00000, 0x0000000089a00000|100%| E|CS|TAMS 0x0000000089900000, 0x0000000089900000| Complete 
| 126|0x0000000089a00000, 0x0000000089b00000, 0x0000000089b00000|100%| E|CS|TAMS 0x0000000089a00000, 0x0000000089a00000| Complete 
| 127|0x0000000089b00000, 0x0000000089c00000, 0x0000000089c00000|100%| E|CS|TAMS 0x0000000089b00000, 0x0000000089b00000| Complete 

Card table byte_map: [0x000000001aa90000,0x000000001ae90000] _byte_map_base: 0x000000001a682000

Marking Bits (Prev, Next): (CMBitMap*) 0x000000001f1b9628, (CMBitMap*) 0x000000001f1b9668
 Prev Bits: [0x000000001b290000, 0x000000001d220000)
 Next Bits: [0x000000001d220000, 0x000000001f1b0000)

Polling page: 0x0000000000430000

Metaspace:

Usage:
  Non-class:     10.49 MB capacity,    10.29 MB ( 98%) used,   179.17 KB (  2%) free+waste,    32.06 KB ( <1%) overhead. 
      Class:      1.46 MB capacity,     1.30 MB ( 89%) used,   148.76 KB ( 10%) free+waste,    18.50 KB (  1%) overhead. 
       Both:     11.95 MB capacity,    11.58 MB ( 97%) used,   327.93 KB (  3%) free+waste,    50.56 KB ( <1%) overhead. 

Virtual space:
  Non-class space:       12.00 MB reserved,      10.50 MB ( 88%) committed 
      Class space:        1.00 GB reserved,       1.50 MB ( <1%) committed 
             Both:        1.01 GB reserved,      12.00 MB (  1%) committed 

Chunk freelists:
   Non-Class:  768 bytes
       Class:  1.25 KB
        Both:  2.00 KB

CodeHeap 'non-profiled nmethods': size=120000Kb used=721Kb max_used=721Kb free=119278Kb
 bounds [0x00000000128e0000, 0x0000000012b50000, 0x0000000019e10000]
CodeHeap 'profiled nmethods': size=120000Kb used=3387Kb max_used=3387Kb free=116613Kb
 bounds [0x000000000b3b0000, 0x000000000b700000, 0x00000000128e0000]
CodeHeap 'non-nmethods': size=5760Kb used=1253Kb max_used=1320Kb free=4506Kb
 bounds [0x000000000ae10000, 0x000000000b080000, 0x000000000b3b0000]
 total_blobs=2712 nmethods=1680 adapters=543
 compilation: enabled
              stopped_count=0, restarted_count=0
 full_count=0

Compilation events (10 events):
Event: 3.345 Thread 0x00000000224fc000 nmethod 1680 0x000000000b6fdc90 code [0x000000000b6fde40, 0x000000000b6fe0b8]
Event: 3.359 Thread 0x00000000224fc000 1682       3       java.nio.charset.CoderResult::isOverflow (14 bytes)
Event: 3.360 Thread 0x00000000224fc000 nmethod 1682 0x000000000b6fe190 code [0x000000000b6fe340, 0x000000000b6fe518]
Event: 3.363 Thread 0x00000000224f6800 nmethod 1675% 0x0000000012990e90 code [0x0000000012991120, 0x0000000012992eb0]
Event: 3.364 Thread 0x00000000224f6800 1681       4       java.nio.charset.CoderResult::isUnderflow (13 bytes)
Event: 3.364 Thread 0x00000000224f6800 nmethod 1681 0x0000000012994010 code [0x00000000129941a0, 0x0000000012994238]
Event: 3.364 Thread 0x00000000224f6800 1679       4       java.util.concurrent.ConcurrentHashMap::casTabAt (21 bytes)
Event: 3.366 Thread 0x00000000224f6800 nmethod 1679 0x0000000012994310 code [0x00000000129944a0, 0x00000000129945b8]
Event: 3.402 Thread 0x00000000224fc000 1683       3       java.nio.ByteBuffer::arrayOffset (35 bytes)
Event: 3.402 Thread 0x00000000224fc000 nmethod 1683 0x000000000b6fe590 code [0x000000000b6fe780, 0x000000000b6feae0]

GC Heap History (4 events):
Event: 1.819 GC heap before
{Heap before GC invocations=0 (full 0):
 garbage-first heap   total 131072K, used 28672K [0x0000000081c00000, 0x0000000100000000)
  region size 1024K, 24 young (24576K), 0 survivors (0K)
 Metaspace       used 10572K, capacity 10921K, committed 11136K, reserved 1058816K
  class space    used 1169K, capacity 1333K, committed 1408K, reserved 1048576K
}
Event: 1.829 GC heap after
{Heap after GC invocations=1 (full 0):
 garbage-first heap   total 131072K, used 8781K [0x0000000081c00000, 0x0000000100000000)
  region size 1024K, 3 young (3072K), 3 survivors (3072K)
 Metaspace       used 10572K, capacity 10921K, committed 11136K, reserved 1058816K
  class space    used 1169K, capacity 1333K, committed 1408K, reserved 1048576K
}
Event: 3.026 GC heap before
{Heap before GC invocations=1 (full 0):
 garbage-first heap   total 131072K, used 29261K [0x0000000081c00000, 0x0000000100000000)
  region size 1024K, 23 young (23552K), 3 survivors (3072K)
 Metaspace       used 11671K, capacity 12016K, committed 12288K, reserved 1060864K
  class space    used 1316K, capacity 1462K, committed 1536K, reserved 1048576K
}
Event: 3.030 GC heap after
{Heap after GC invocations=2 (full 0):
 garbage-first heap   total 131072K, used 9494K [0x0000000081c00000, 0x0000000100000000)
  region size 1024K, 1 young (1024K), 1 survivors (1024K)
 Metaspace       used 11671K, capacity 12016K, committed 12288K, reserved 1060864K
  class space    used 1316K, capacity 1462K, committed 1536K, reserved 1048576K
}

Deoptimization events (10 events):
Event: 1.404 Thread 0x0000000000256800 Uncommon trap: reason=unstable_if action=reinterpret pc=0x000000001291d800 method=java.io.WinNTFileSystem.normalize(Ljava/lang/String;)Ljava/lang/String; @ 40 c2
Event: 1.404 Thread 0x0000000000256800 Uncommon trap: reason=unstable_if action=reinterpret pc=0x00000000128f0890 method=java.io.WinNTFileSystem.isSlash(C)Z @ 9 c2
Event: 1.426 Thread 0x0000000000256800 Uncommon trap: reason=unstable_if action=reinterpret pc=0x000000001291fb84 method=java.util.HashMap.getNode(ILjava/lang/Object;)Ljava/util/HashMap$Node; @ 62 c2
Event: 1.426 Thread 0x0000000000256800 Uncommon trap: reason=class_check action=maybe_recompile pc=0x0000000012930368 method=java.util.HashMap.putVal(ILjava/lang/Object;Ljava/lang/Object;ZZ)Ljava/lang/Object; @ 91 c2
Event: 1.426 Thread 0x0000000000256800 Uncommon trap: reason=class_check action=maybe_recompile pc=0x0000000012930368 method=java.util.HashMap.putVal(ILjava/lang/Object;Ljava/lang/Object;ZZ)Ljava/lang/Object; @ 91 c2
Event: 1.629 Thread 0x0000000000256800 Uncommon trap: reason=bimorphic_or_optimized_type_check action=maybe_recompile pc=0x000000001294a0b0 method=java.util.HashMap.putVal(ILjava/lang/Object;Ljava/lang/Object;ZZ)Ljava/lang/Object; @ 152 c2
Event: 1.656 Thread 0x0000000000256800 Uncommon trap: reason=class_check action=maybe_recompile pc=0x0000000012949fc8 method=java.util.HashMap.putVal(ILjava/lang/Object;Ljava/lang/Object;ZZ)Ljava/lang/Object; @ 253 c2
Event: 1.656 Thread 0x0000000000256800 Uncommon trap: reason=class_check action=maybe_recompile pc=0x0000000012949fc8 method=java.util.HashMap.putVal(ILjava/lang/Object;Ljava/lang/Object;ZZ)Ljava/lang/Object; @ 253 c2
Event: 3.008 Thread 0x0000000000256800 Uncommon trap: reason=intrinsic_or_type_checked_inlining action=make_not_entrant pc=0x000000001298d6fc method=java.util.Arrays.copyOf([Ljava/lang/Object;ILjava/lang/Class;)[Ljava/lang/Object; @ 35 c2
Event: 3.340 Thread 0x0000000000256800 Uncommon trap: reason=unstable_if action=reinterpret pc=0x0000000012986b94 method=jdk.internal.loader.URLClassPath$FileLoader.getResource(Ljava/lang/String;Z)Ljdk/internal/loader/Resource; @ 139 c2

Classes redefined (0 events):
No events

Internal exceptions (10 events):
Event: 0.587 Thread 0x0000000000256800 Exception <a 'java/lang/ClassNotFoundException'{0x0000000089538b58}: com/sun/swing/internal/plaf/metal/resources/spi/metalProvider> (0x0000000089538b58) thrown at [t:/workspace/open/src/hotspot/share/classfile/systemDictionary.cpp, line 235]
Event: 0.589 Thread 0x0000000000256800 Exception <a 'java/lang/ClassNotFoundException'{0x000000008953ed40}: com/sun/swing/internal/plaf/basic/resources/spi/basicProvider> (0x000000008953ed40) thrown at [t:/workspace/open/src/hotspot/share/classfile/systemDictionary.cpp, line 235]
Event: 0.699 Thread 0x0000000000256800 Exception <a 'java/io/FileNotFoundException'{0x00000000895b4f68}> (0x00000000895b4f68) thrown at [t:/workspace/open/src/hotspot/share/prims/jni.cpp, line 615]
Event: 0.699 Thread 0x0000000000256800 Exception <a 'java/lang/NullPointerException'{0x00000000895b5980}> (0x00000000895b5980) thrown at [t:/workspace/open/src/hotspot/share/interpreter/linkResolver.cpp, line 1356]
Event: 1.215 Thread 0x0000000000256800 Exception <a 'java/lang/NoSuchMethodError'{0x0000000088a97fa8}: java.lang.invoke.DirectMethodHandle$Holder.invokeStaticInit(Ljava/lang/Object;)V> (0x0000000088a97fa8) thrown at [t:/workspace/open/src/hotspot/share/interpreter/linkResolver.cpp, line 777]
Event: 1.226 Thread 0x0000000000256800 Exception <a 'java/lang/NoSuchMethodError'{0x0000000088ac2448}: java.lang.invoke.Invokers$Holder.linkToTargetMethod(Ljava/lang/Object;ILjava/lang/Object;)Ljava/lang/Object;> (0x0000000088ac2448) thrown at [t:/workspace/open/src/hotspot/share/interpreter/l
Event: 1.458 Thread 0x0000000000256800 Exception <a 'java/lang/NoSuchMethodError'{0x00000000888b61e8}: java.lang.invoke.DirectMethodHandle$Holder.invokeStaticInit(Ljava/lang/Object;Ljava/lang/Object;Ljava/lang/Object;Ljava/lang/Object;)I> (0x00000000888b61e8) thrown at [t:/workspace/open/src/h
Event: 1.460 Thread 0x0000000000256800 Exception <a 'java/lang/IncompatibleClassChangeError'{0x00000000888beda8}: Found class java.lang.Object, but interface was expected> (0x00000000888beda8) thrown at [t:/workspace/open/src/hotspot/share/interpreter/linkResolver.cpp, line 843]
Event: 1.461 Thread 0x0000000000256800 Exception <a 'java/lang/NoSuchMethodError'{0x00000000888c1b70}: java.lang.invoke.DirectMethodHandle$Holder.invokeStaticInit(Ljava/lang/Object;Ljava/lang/Object;)V> (0x00000000888c1b70) thrown at [t:/workspace/open/src/hotspot/share/interpreter/linkResolve
Event: 1.464 Thread 0x0000000000256800 Exception <a 'java/lang/NoSuchMethodError'{0x00000000888c68b8}: java.lang.invoke.DirectMethodHandle$Holder.invokeStaticInit(Ljava/lang/Object;Ljava/lang/Object;)I> (0x00000000888c68b8) thrown at [t:/workspace/open/src/hotspot/share/interpreter/linkResolve

Events (10 events):
Event: 3.393 Thread 0x0000000027717000 Thread added: 0x0000000027717000
Event: 3.402 Thread 0x0000000027718000 Thread added: 0x0000000027718000
Event: 3.416 loading class java/awt/image/DataBufferByte
Event: 3.416 loading class java/awt/image/DataBufferByte done
Event: 3.421 loading class java/awt/image/PixelInterleavedSampleModel
Event: 3.421 loading class java/awt/image/PixelInterleavedSampleModel done
Event: 3.421 loading class sun/awt/image/ByteInterleavedRaster
Event: 3.421 loading class sun/awt/image/ByteComponentRaster
Event: 3.422 loading class sun/awt/image/ByteComponentRaster done
Event: 3.422 loading class sun/awt/image/ByteInterleavedRaster done


Dynamic libraries:
0x000000013fba0000 - 0x000000013fbaf000 	C:\Program Files\Java\jdk-12.0.2\bin\java.exe
0x0000000076ea0000 - 0x000000007703f000 	C:\Windows\SYSTEM32\ntdll.dll
0x0000000076b40000 - 0x0000000076c5f000 	C:\Windows\system32\kernel32.dll
0x000007fefca70000 - 0x000007fefcada000 	C:\Windows\system32\KERNELBASE.dll
0x000007fef8bb0000 - 0x000007fef8bc8000 	C:\Program Files\Java\jdk-12.0.2\bin\jli.dll
0x000007fefdae0000 - 0x000007fefdbbb000 	C:\Windows\system32\ADVAPI32.dll
0x000007fefe400000 - 0x000007fefe49f000 	C:\Windows\system32\msvcrt.dll
0x000007fefee50000 - 0x000007fefee6f000 	C:\Windows\SYSTEM32\sechost.dll
0x000007fefef70000 - 0x000007feff09d000 	C:\Windows\system32\RPCRT4.dll
0x000007fefa7f0000 - 0x000007fefa9e4000 	C:\Windows\WinSxS\amd64_microsoft.windows.common-controls_6595b64144ccf1df_6.0.7601.18837_none_fa3b1e3d17594757\COMCTL32.dll
0x000007fefe9a0000 - 0x000007fefea07000 	C:\Windows\system32\GDI32.dll
0x0000000076da0000 - 0x0000000076e9a000 	C:\Windows\system32\USER32.dll
0x000007fefea10000 - 0x000007fefea1e000 	C:\Windows\system32\LPK.dll
0x000007feff0a0000 - 0x000007feff16b000 	C:\Windows\system32\USP10.dll
0x000007fefd9b0000 - 0x000007fefda21000 	C:\Windows\system32\SHLWAPI.dll
0x000007fefc6f0000 - 0x000007fefc6fc000 	C:\Windows\system32\VERSION.dll
0x000007fef3210000 - 0x000007fef3226000 	C:\Program Files\Java\jdk-12.0.2\bin\VCRUNTIME140.dll
0x000007fef9b90000 - 0x000007fef9b94000 	C:\Program Files\Java\jdk-12.0.2\bin\api-ms-win-crt-runtime-l1-1-0.dll
0x000007fef2440000 - 0x000007fef2536000 	C:\Program Files\Java\jdk-12.0.2\bin\ucrtbase.DLL
0x000007fef3200000 - 0x000007fef3203000 	C:\Program Files\Java\jdk-12.0.2\bin\api-ms-win-core-localization-l1-2-0.dll
0x000007fef3050000 - 0x000007fef3053000 	C:\Program Files\Java\jdk-12.0.2\bin\api-ms-win-core-processthreads-l1-1-1.dll
0x000007fef31f0000 - 0x000007fef31f3000 	C:\Program Files\Java\jdk-12.0.2\bin\api-ms-win-core-file-l1-2-0.dll
0x000007fef2db0000 - 0x000007fef2db3000 	C:\Program Files\Java\jdk-12.0.2\bin\api-ms-win-core-timezone-l1-1-0.dll
0x000007fef2dc0000 - 0x000007fef2dc3000 	C:\Program Files\Java\jdk-12.0.2\bin\api-ms-win-core-file-l2-1-0.dll
0x000007fef2c80000 - 0x000007fef2c83000 	C:\Program Files\Java\jdk-12.0.2\bin\api-ms-win-core-synch-l1-2-0.dll
0x000007fef2da0000 - 0x000007fef2da4000 	C:\Program Files\Java\jdk-12.0.2\bin\api-ms-win-crt-string-l1-1-0.dll
0x000007fef2430000 - 0x000007fef2433000 	C:\Program Files\Java\jdk-12.0.2\bin\api-ms-win-crt-heap-l1-1-0.dll
0x000007fef1300000 - 0x000007fef1304000 	C:\Program Files\Java\jdk-12.0.2\bin\api-ms-win-crt-stdio-l1-1-0.dll
0x000007fef12f0000 - 0x000007fef12f4000 	C:\Program Files\Java\jdk-12.0.2\bin\api-ms-win-crt-convert-l1-1-0.dll
0x000007fef12e0000 - 0x000007fef12e3000 	C:\Program Files\Java\jdk-12.0.2\bin\api-ms-win-crt-environment-l1-1-0.dll
0x000007fef12d0000 - 0x000007fef12d3000 	C:\Program Files\Java\jdk-12.0.2\bin\api-ms-win-crt-filesystem-l1-1-0.dll
0x000007fef12c0000 - 0x000007fef12c5000 	C:\Program Files\Java\jdk-12.0.2\bin\api-ms-win-crt-math-l1-1-0.dll
0x000007fef12b0000 - 0x000007fef12b3000 	C:\Program Files\Java\jdk-12.0.2\bin\api-ms-win-crt-locale-l1-1-0.dll
0x000007fefdab0000 - 0x000007fefdade000 	C:\Windows\system32\IMM32.DLL
0x000007fefeba0000 - 0x000007fefeca9000 	C:\Windows\system32\MSCTF.dll
0x000007fefc700000 - 0x000007fefc730000 	C:\Windows\system32\nvinitx.dll
0x0000000071730000 - 0x0000000071737000 	C:\Program Files\NVIDIA Corporation\CoProcManager\detoured.dll
0x000007fef7820000 - 0x000007fef7858000 	C:\Program Files\NVIDIA Corporation\CoProcManager\nvd3d9wrapx.dll
0x000007fefe770000 - 0x000007fefe947000 	C:\Windows\system32\SETUPAPI.dll
0x000007fefc8a0000 - 0x000007fefc8d6000 	C:\Windows\system32\CFGMGR32.dll
0x000007fefeac0000 - 0x000007fefeb9a000 	C:\Windows\system32\OLEAUT32.dll
0x000007fefdbc0000 - 0x000007fefddbf000 	C:\Windows\system32\ole32.dll
0x000007fefc7f0000 - 0x000007fefc80a000 	C:\Windows\system32\DEVOBJ.dll
0x000007fef7560000 - 0x000007fef7584000 	C:\Program Files\NVIDIA Corporation\CoProcManager\nvdxgiwrapx.dll
0x000007feee580000 - 0x000007feee62a000 	C:\Program Files\Java\jdk-12.0.2\bin\msvcp140.dll
0x000007fef12a0000 - 0x000007fef12a5000 	C:\Program Files\Java\jdk-12.0.2\bin\api-ms-win-crt-multibyte-l1-1-0.dll
0x000007fef1290000 - 0x000007fef1293000 	C:\Program Files\Java\jdk-12.0.2\bin\api-ms-win-crt-time-l1-1-0.dll
0x000007fef1280000 - 0x000007fef1283000 	C:\Program Files\Java\jdk-12.0.2\bin\api-ms-win-crt-utility-l1-1-0.dll
0x000007fedfac0000 - 0x000007fee0637000 	C:\Program Files\Java\jdk-12.0.2\bin\server\jvm.dll
0x000007fef4280000 - 0x000007fef4289000 	C:\Windows\system32\WSOCK32.dll
0x000007fefe950000 - 0x000007fefe99d000 	C:\Windows\system32\WS2_32.dll
0x000007fefee40000 - 0x000007fefee48000 	C:\Windows\system32\NSI.dll
0x000007fefc840000 - 0x000007fefc87b000 	C:\Windows\system32\WINMM.dll
0x0000000077040000 - 0x0000000077047000 	C:\Windows\system32\PSAPI.DLL
0x000007fef1260000 - 0x000007fef1271000 	C:\Program Files\Java\jdk-12.0.2\bin\verify.dll
0x000007feea460000 - 0x000007feea585000 	C:\Windows\system32\DBGHELP.DLL
0x000007fef1210000 - 0x000007fef1236000 	C:\Program Files\Java\jdk-12.0.2\bin\java.dll
0x000007fef1200000 - 0x000007fef120e000 	C:\Program Files\Java\jdk-12.0.2\bin\instrument.dll
0x000007fef11d0000 - 0x000007fef11e7000 	C:\Program Files\Java\jdk-12.0.2\bin\zip.dll
0x000007fef1250000 - 0x000007fef125a000 	C:\Program Files\Java\jdk-12.0.2\bin\jimage.dll
0x000007fefcc20000 - 0x000007fefd9ab000 	C:\Windows\system32\SHELL32.dll
0x000007fefc7c0000 - 0x000007fefc7cf000 	C:\Windows\system32\profapi.dll
0x000007feee0f0000 - 0x000007feee109000 	C:\Program Files\Java\jdk-12.0.2\bin\net.dll
0x000007fef7f10000 - 0x000007fef7f81000 	C:\Windows\system32\WINHTTP.dll
0x000007fef7ea0000 - 0x000007fef7f05000 	C:\Windows\system32\webio.dll
0x000007fefe270000 - 0x000007fefe3f8000 	C:\Windows\system32\urlmon.dll
0x00000000004c0000 - 0x00000000004c4000 	C:\Windows\system32\api-ms-win-downlevel-ole32-l1-1-0.dll
0x000007fefc7e0000 - 0x000007fefc7e4000 	C:\Windows\system32\api-ms-win-downlevel-shlwapi-l1-1-0.dll
0x000007fefca50000 - 0x000007fefca55000 	C:\Windows\system32\api-ms-win-downlevel-advapi32-l1-1-0.dll
0x000007fefc830000 - 0x000007fefc834000 	C:\Windows\system32\api-ms-win-downlevel-user32-l1-1-0.dll
0x000007fefcc00000 - 0x000007fefcc04000 	C:\Windows\system32\api-ms-win-downlevel-version-l1-1-0.dll
0x000007fefcc10000 - 0x000007fefcc13000 	C:\Windows\system32\api-ms-win-downlevel-normaliz-l1-1-0.dll
0x0000000077050000 - 0x0000000077053000 	C:\Windows\system32\normaliz.DLL
0x000007fefe4a0000 - 0x000007fefe76a000 	C:\Windows\system32\iertutil.dll
0x000007fefddc0000 - 0x000007fefe26c000 	C:\Windows\system32\WININET.dll
0x000007fefc880000 - 0x000007fefc89e000 	C:\Windows\system32\USERENV.dll
0x000007fefbf20000 - 0x000007fefbf75000 	C:\Windows\system32\mswsock.dll
0x000007fefbf10000 - 0x000007fefbf17000 	C:\Windows\System32\wship6.dll
0x000007fee44c0000 - 0x000007fee44d3000 	C:\Program Files\Java\jdk-12.0.2\bin\nio.dll
0x000007fee44a0000 - 0x000007fee44ba000 	D:\IntelliJ IDEA 2019.1.3\bin\breakgen64.dll
0x000007fee3320000 - 0x000007fee34bf000 	C:\Program Files\Java\jdk-12.0.2\bin\awt.dll
0x000007fee1340000 - 0x000007fee1704000 	C:\Windows\system32\d2d1.dll
0x000007fefc810000 - 0x000007fefc828000 	C:\Windows\system32\DWMAPI.DLL
0x000007fee41a0000 - 0x000007fee42bd000 	C:\Windows\system32\opengl32.dll
0x000007fef3aa0000 - 0x000007fef3acd000 	C:\Windows\system32\GLU32.dll
0x000007fefed40000 - 0x000007fefee31000 	C:\Windows\system32\DDRAW.dll
0x000007fefcae0000 - 0x000007fefcae8000 	C:\Windows\system32\DCIMAN32.dll
0x000007fefa790000 - 0x000007fefa7e6000 	C:\Windows\system32\uxtheme.dll
0x000007fefc620000 - 0x000007fefc62f000 	C:\Windows\system32\CRYPTBASE.dll
0x000007fee3540000 - 0x000007fee35c0000 	C:\Program Files\Java\jdk-12.0.2\bin\freetype.dll
0x000007fee3270000 - 0x000007fee331b000 	C:\Program Files\Java\jdk-12.0.2\bin\fontmanager.dll
0x000007fefeed0000 - 0x000007fefef69000 	C:\Windows\system32\CLBCatQ.DLL
0x000007fefa230000 - 0x000007fefa391000 	C:\Windows\system32\WindowsCodecs.dll
0x000007fefc5c0000 - 0x000007fefc617000 	C:\Windows\system32\apphelp.dll
0x000007fef4400000 - 0x000007fef4478000 	C:\Program Files (x86)\360\360Safe\safemon\360UDiskGuard64.dll
0x000007fef43c0000 - 0x000007fef43f5000 	C:\Windows\system32\EhStorShell.dll
0x000007fefacb0000 - 0x000007fefaddc000 	C:\Windows\system32\PROPSYS.dll
0x000007fef4340000 - 0x000007fef43be000 	C:\Windows\System32\cscui.dll
0x000007fef4330000 - 0x000007fef433c000 	C:\Windows\System32\CSCDLL.dll
0x000007fef4320000 - 0x000007fef432f000 	C:\Windows\system32\CSCAPI.dll
0x000007fef42a0000 - 0x000007fef4320000 	C:\Windows\system32\ntshrui.dll
0x000007fefc190000 - 0x000007fefc1b3000 	C:\Windows\system32\srvcli.dll
0x000007fef9f80000 - 0x000007fef9f8b000 	C:\Windows\system32\slc.dll
0x000007fee31b0000 - 0x000007fee326b000 	C:\Users\Administrator\.javacpp\cache\ffmpeg-4.0.2-1.4.3-windows-x86_64.jar\org\bytedeco\javacpp\windows-x86_64\avutil-56.dll
0x000007fefc0d0000 - 0x000007fefc0f2000 	C:\Windows\system32\bcrypt.dll
0x000000006fe00000 - 0x000000006fee7000 	C:\Users\Administrator\.javacpp\cache\ffmpeg-4.0.2-1.4.3-windows-x86_64.jar\org\bytedeco\javacpp\windows-x86_64\jniavutil.dll
0x000007fee3a20000 - 0x000007fee3a47000 	C:\Users\Administrator\.javacpp\cache\ffmpeg-4.0.2-1.4.3-windows-x86_64.jar\org\bytedeco\javacpp\windows-x86_64\swresample-3.dll
0x0000000070080000 - 0x00000000700ae000 	C:\Users\Administrator\.javacpp\cache\ffmpeg-4.0.2-1.4.3-windows-x86_64.jar\org\bytedeco\javacpp\windows-x86_64\jniswresample.dll
0x000007fedd830000 - 0x000007fedfab1000 	C:\Users\Administrator\.javacpp\cache\ffmpeg-4.0.2-1.4.3-windows-x86_64.jar\org\bytedeco\javacpp\windows-x86_64\avcodec-58.dll
0x000000006a1c0000 - 0x000000006a424000 	C:\Users\Administrator\.javacpp\cache\ffmpeg-4.0.2-1.4.3-windows-x86_64.jar\org\bytedeco\javacpp\windows-x86_64\jniavcodec.dll
0x000007fee0e70000 - 0x000007fee1331000 	C:\Users\Administrator\.javacpp\cache\ffmpeg-4.0.2-1.4.3-windows-x86_64.jar\org\bytedeco\javacpp\windows-x86_64\avformat-58.dll
0x000007fefc8e0000 - 0x000007fefca4d000 	C:\Windows\system32\CRYPT32.dll
0x000007fefc7d0000 - 0x000007fefc7df000 	C:\Windows\system32\MSASN1.dll
0x000000006abc0000 - 0x000000006ad0a000 	C:\Users\Administrator\.javacpp\cache\ffmpeg-4.0.2-1.4.3-windows-x86_64.jar\org\bytedeco\javacpp\windows-x86_64\jniavformat.dll
0x000007fee3110000 - 0x000007fee31a5000 	C:\Users\Administrator\.javacpp\cache\ffmpeg-4.0.2-1.4.3-windows-x86_64.jar\org\bytedeco\javacpp\windows-x86_64\swscale-5.dll
0x0000000067cc0000 - 0x0000000067cf6000 	C:\Users\Administrator\.javacpp\cache\ffmpeg-4.0.2-1.4.3-windows-x86_64.jar\org\bytedeco\javacpp\windows-x86_64\jniswscale.dll
0x000007fee3870000 - 0x000007fee389a000 	C:\Users\Administrator\.javacpp\cache\ffmpeg-4.0.2-1.4.3-windows-x86_64.jar\org\bytedeco\javacpp\windows-x86_64\postproc-55.dll
0x000000006a0c0000 - 0x000000006a0ed000 	C:\Users\Administrator\.javacpp\cache\ffmpeg-4.0.2-1.4.3-windows-x86_64.jar\org\bytedeco\javacpp\windows-x86_64\jnipostproc.dll
0x000007fedd4a0000 - 0x000007fedd821000 	C:\Users\Administrator\.javacpp\cache\ffmpeg-4.0.2-1.4.3-windows-x86_64.jar\org\bytedeco\javacpp\windows-x86_64\avfilter-7.dll
0x0000000064400000 - 0x0000000064477000 	C:\Users\Administrator\.javacpp\cache\ffmpeg-4.0.2-1.4.3-windows-x86_64.jar\org\bytedeco\javacpp\windows-x86_64\jniavfilter.dll
0x000007fee3840000 - 0x000007fee386c000 	C:\Users\Administrator\.javacpp\cache\ffmpeg-4.0.2-1.4.3-windows-x86_64.jar\org\bytedeco\javacpp\windows-x86_64\avdevice-58.dll
0x000007fee3a00000 - 0x000007fee3a17000 	C:\Windows\system32\AVICAP32.dll
0x000007fee3510000 - 0x000007fee3539000 	C:\Windows\system32\MSVFW32.dll
0x00000000023c0000 - 0x00000000023f9000 	C:\Users\Administrator\.javacpp\cache\ffmpeg-4.0.2-1.4.3-windows-x86_64.jar\org\bytedeco\javacpp\windows-x86_64\jniavdevice.dll

dbghelp: loaded successfully - version: 4.0.5 - missing functions: none
symbol engine: initialized successfully - sym options: 0x614 - pdb path: .;C:\Program Files\Java\jdk-12.0.2\bin;C:\Windows\SYSTEM32;C:\Windows\WinSxS\amd64_microsoft.windows.common-controls_6595b64144ccf1df_6.0.7601.18837_none_fa3b1e3d17594757;C:\Program Files\NVIDIA Corporation\CoProcManager;C:\Program Files\Java\jdk-12.0.2\bin\server;D:\IntelliJ IDEA 2019.1.3\bin;C:\Program Files (x86)\360\360Safe\safemon;C:\Users\Administrator\.javacpp\cache\ffmpeg-4.0.2-1.4.3-windows-x86_64.jar\org\bytedeco\javacpp\windows-x86_64

VM Arguments:
jvm_args: -javaagent:D:\IntelliJ IDEA 2019.1.3\lib\idea_rt.jar=51441:D:\IntelliJ IDEA 2019.1.3\bin -Dfile.encoding=UTF-8 
java_command: Start
java_class_path (initial): D:\ideaWorkSpace\VideoToStr\target\classes;C:\Users\Administrator\.m2\repository\org\bytedeco\javacv\1.4.3\javacv-1.4.3.jar;C:\Users\Administrator\.m2\repository\org\bytedeco\javacpp\1.4.3\javacpp-1.4.3.jar;C:\Users\Administrator\.m2\repository\org\bytedeco\javacpp-presets\opencv\3.4.3-1.4.3\opencv-3.4.3-1.4.3.jar;C:\Users\Administrator\.m2\repository\org\bytedeco\javacpp-presets\ffmpeg\4.0.2-1.4.3\ffmpeg-4.0.2-1.4.3.jar;C:\Users\Administrator\.m2\repository\org\bytedeco\javacpp-presets\flycapture\2.11.3.121-1.4.3\flycapture-2.11.3.121-1.4.3.jar;C:\Users\Administrator\.m2\repository\org\bytedeco\javacpp-presets\libdc1394\2.2.5-1.4.3\libdc1394-2.2.5-1.4.3.jar;C:\Users\Administrator\.m2\repository\org\bytedeco\javacpp-presets\libfreenect\0.5.3-1.4.3\libfreenect-0.5.3-1.4.3.jar;C:\Users\Administrator\.m2\repository\org\bytedeco\javacpp-presets\libfreenect2\0.2.0-1.4.3\libfreenect2-0.2.0-1.4.3.jar;C:\Users\Administrator\.m2\repository\org\bytedeco\javacpp-presets\librealsense\1.12.1-1.4.3\librealsense-1.12.1-1.4.3.jar;C:\Users\Administrator\.m2\repository\org\bytedeco\javacpp-presets\videoinput\0.200-1.4.3\videoinput-0.200-1.4.3.jar;C:\Users\Administrator\.m2\repository\org\bytedeco\javacpp-presets\artoolkitplus\2.3.1-1.4.3\artoolkitplus-2.3.1-1.4.3.jar;C:\Users\Administrator\.m2\repository\org\bytedeco\javacpp-presets\flandmark\1.07-1.4.3\flandmark-1.07-1.4.3.jar;C:\Users\Administrator\.m2\repository\org\bytedeco\javacpp-presets\leptonica\1.76.0-1.4.3\leptonica-1.76.0-1.4.3.jar;C:\Users\Administrator\.m2\repository\org\bytedeco\javacpp-presets\tesseract\4.0.0-rc2-1.4.3\tesseract-4.0.0-rc2-1.4.3.jar;C:\Users\Administrator\.m2\repository\org\bytedeco\javacpp-presets\ffmpeg-platform\4.0.2-1.4.3\ffmpeg-platform-4.0.2-1.4.3.jar;C:\Users\Administrator\.m2\repository\org\bytedeco\javacpp-presets\ffmpeg\4.0.2-1.4.3\ffmpeg-4.0.2-1.4.3-android-arm.jar;C:\Users\Administrator\.m2\repository\org\bytedeco\javacpp-presets\ffmpeg\4.0.2-1.4.3\ffmpeg-4.0.2-1
Launcher Type: SUN_STANDARD

[Global flags]
     intx CICompilerCount                          = 4                                         {product} {ergonomic}
     uint ConcGCThreads                            = 2                                         {product} {ergonomic}
     uint G1ConcRefinementThreads                  = 8                                         {product} {ergonomic}
   size_t G1HeapRegionSize                         = 1048576                                   {product} {ergonomic}
    uintx GCDrainStackTargetSize                   = 64                                        {product} {ergonomic}
   size_t InitialHeapSize                          = 134217728                                 {product} {ergonomic}
   size_t MarkStackSize                            = 4194304                                   {product} {ergonomic}
   size_t MaxHeapSize                              = 2118123520                                {product} {ergonomic}
   size_t MaxNewSize                               = 1270874112                                {product} {ergonomic}
   size_t MinHeapDeltaBytes                        = 1048576                                   {product} {ergonomic}
    uintx NonNMethodCodeHeapSize                   = 5836300                                {pd product} {ergonomic}
    uintx NonProfiledCodeHeapSize                  = 122910970                              {pd product} {ergonomic}
    uintx ProfiledCodeHeapSize                     = 122910970                              {pd product} {ergonomic}
    uintx ReservedCodeCacheSize                    = 251658240                              {pd product} {ergonomic}
     bool SegmentedCodeCache                       = true                                      {product} {ergonomic}
     bool UseCompressedClassPointers               = true                                 {lp64_product} {ergonomic}
     bool UseCompressedOops                        = true                                 {lp64_product} {ergonomic}
     bool UseG1GC                                  = true                                      {product} {ergonomic}
     bool UseLargePagesIndividualAllocation        = false                                  {pd product} {ergonomic}

Logging:
Log output configuration:
 #0: stdout all=warning uptime,level,tags
 #1: stderr all=off uptime,level,tags

Environment Variables:
JAVA_HOME=C:\Program Files\Java\jdk-12.0.2
PATH=C:\Program Files (x86)\Common Files\Oracle\Java\javapath;C:\Windows\system32;C:\Windows;C:\Windows\System32\Wbem;C:\Windows\System32\WindowsPowerShell\v1.0\;C:\Program Files\Java\jdk-12.0.2\bin;;C:\Program Files\NVIDIA Corporation\NVIDIA NvDLISR;C:\Program Files (x86)\NVIDIA Corporation\PhysX\Common;D:\Node-js\;;D:\Microsoft VS Code\bin;C:\Users\Administrator\AppData\Roaming\npm
USERNAME=Administrator
OS=Windows_NT
PROCESSOR_IDENTIFIER=Intel64 Family 6 Model 58 Stepping 9, GenuineIntel



---------------  S Y S T E M  ---------------

OS: Windows 7 , 64 bit Build 7601 (6.1.7601.24308)

CPU:total 8 (initial active 8) (4 cores per cpu, 2 threads per core) family 6 model 58 stepping 9, cmov, cx8, fxsr, mmx, sse, sse2, sse3, ssse3, sse4.1, sse4.2, popcnt, avx, aes, clmul, erms, ht, tsc, tscinvbit, tscinv

Memory: 4k page, system-wide physical 8074M (2375M free)
TotalPageFile size 16146M (AvailPageFile size 8731M)
current process WorkingSet (physical memory assigned to process): 141M, peak: 162M
current process commit charge ("private bytes"): 275M, peak: 301M

vm_info: Java HotSpot(TM) 64-Bit Server VM (12.0.2+10) for windows-amd64 JRE (12.0.2+10), built on Jul 16 2019 01:56:17 by "mach5one" with MS VC++ 15.5 (VS2017)

END.
