#
# A fatal error has been detected by the Java Runtime Environment:
#
#  EXCEPTION_ACCESS_VIOLATION (0xc0000005) at pc=0x000000001279a677, pid=5044, tid=392
#
# JRE version: Java(TM) SE Runtime Environment (12.0.2+10) (build 12.0.2+10)
# Java VM: Java HotSpot(TM) 64-Bit Server VM (12.0.2+10, mixed mode, sharing, tiered, compressed oops, g1 gc, windows-amd64)
# Problematic frame:
# J 1232 c2 java.nio.DirectByteBuffer.get()B java.base@12.0.2 (28 bytes) @ 0x000000001279a677 [0x000000001279a620+0x0000000000000057]
#
# No core dump will be written. Minidumps are not enabled by default on client versions of Windows
#
# If you would like to submit a bug report, please visit:
#   http://bugreport.java.com/bugreport/crash.jsp
#

---------------  S U M M A R Y ------------

Command Line: -javaagent:D:\IntelliJ IDEA 2019.1.3\lib\idea_rt.jar=51430:D:\IntelliJ IDEA 2019.1.3\bin -Dfile.encoding=UTF-8 Start

Host: Intel(R) Core(TM) i7-3632QM CPU @ 2.20GHz, 8 cores, 7G,  Windows 7 , 64 bit Build 7601 (6.1.7601.24308)
Time: Sat Nov  9 11:49:08 2019 ?D1¨²¡À¨º¡Á?¨º¡À?? elapsed time: 3 seconds (0d 0h 0m 3s)

---------------  T H R E A D  ---------------

Current thread (0x000000002755b000):  JavaThread "pool-1-thread-2" [_thread_in_Java, id=392, stack(0x000000002ae50000,0x000000002af50000)]

Stack: [0x000000002ae50000,0x000000002af50000],  sp=0x000000002af4eef0,  free space=1019k
Native frames: (J=compiled Java code, j=interpreted, Vv=VM code, C=native code)
C  0x000000001279a677


siginfo: EXCEPTION_ACCESS_VIOLATION (0xc0000005), reading address 0x0000000029c30080


Register to memory mapping:

RIP=0x000000001279a677 is at entry_point+87 in (nmethod*)0x000000001279a490
RAX={method} {0x00000008001705f0} 'get' '()B' in 'java/nio/DirectByteBuffer'
RBX={method} {0x00000008001705f0} 'get' '()B' in 'java/nio/DirectByteBuffer'
RCX=0x0000000087f308a0 points into unknown readable memory: 05 00 00 00 00 00 00 00
RDX=0x0000000087f308a0 points into unknown readable memory: 05 00 00 00 00 00 00 00
RSP=0x000000002af4eef0 is pointing into the stack for thread: 0x000000002755b000
RBP=0x000000002af4ef90 is pointing into the stack for thread: 0x000000002755b000
RSI=0x0 is NULL
RDI=0x0000000022905018 is pointing into metadata
R8 =0x0 is NULL
R9 =0x0000000000000004 is an unknown value
R10=0x0000000029c30080 is an unknown value
R11=0x0000000000000001 is an unknown value
R12=0x0 is NULL
R13=0x000000002af4ef40 is pointing into the stack for thread: 0x000000002755b000
R14=0x0 is NULL
R15=0x000000002755b000 is a thread


Registers:
RAX=0x00000008001705e8, RBX=0x00000008001705e8, RCX=0x0000000087f308a0, RDX=0x0000000087f308a0
RSP=0x000000002af4eef0, RBP=0x000000002af4ef90, RSI=0x0000000000000000, RDI=0x0000000022905018
R8 =0x0000000000000000, R9 =0x0000000000000004, R10=0x0000000029c30080, R11=0x0000000000000001
R12=0x0000000000000000, R13=0x000000002af4ef40, R14=0x0000000000000000, R15=0x000000002755b000
RIP=0x000000001279a677, EFLAGS=0x0000000000010203

Top of Stack: (sp=0x000000002af4eef0)
0x000000002af4eef0:   0000000022905018 00000000000000b6
0x000000002af4ef00:   000000002af4ef90 000000000ac7db38
0x000000002af4ef10:   000000002755b000 0000000000000000
0x000000002af4ef20:   000000002af4ef90 000000000ac69540
0x000000002af4ef30:   000000000ac69880 000000000ac69540
0x000000002af4ef40:   0000000087f308a0 000000002af4ef48
0x000000002af4ef50:   0000000028d61d9c 000000002af4f020
0x000000002af4ef60:   0000000028d65560 0000000000000000
0x000000002af4ef70:   0000000087f93ad0 0000000028d62020
0x000000002af4ef80:   000000002af4ef40 000000002af4efe0
0x000000002af4ef90:   000000002af4f070 000000000ac69e73
0x000000002af4efa0:   0000000000000000 0000000000000000
0x000000002af4efb0:   0000000000000000 0000000000000000
0x000000002af4efc0:   0000000087fdf358 0000000000000000
0x000000002af4efd0:   0000000000000000 00000000000010e0
0x000000002af4efe0:   0000000000000000 0000000000000000 

Instructions: (pc=0x000000001279a677)
0x000000001279a577:   00 00 00 00 00 00 00 00 00 00 00 00 00 00 00 00
0x000000001279a587:   00 00 00 00 00 00 00 00 00 00 00 00 00 00 00 00
0x000000001279a597:   00 20 a6 79 12 00 00 00 00 50 a6 79 12 00 00 00
0x000000001279a5a7:   00 20 a6 79 12 00 00 00 00 30 02 00 00 ff ff ff
0x000000001279a5b7:   ff 90 01 00 00 30 02 00 00 48 02 00 00 50 02 00
0x000000001279a5c7:   00 00 00 00 00 88 02 00 00 b8 02 00 00 c0 02 00
0x000000001279a5d7:   00 c0 02 00 00 c0 02 00 00 20 00 00 00 d0 04 00
0x000000001279a5e7:   00 04 00 00 00 00 00 00 00 02 00 00 00 00 00 00
0x000000001279a5f7:   00 00 00 00 00 df 01 00 00 02 00 00 00 ff ff ff
0x000000001279a607:   ff ff ff ff ff 00 00 00 00 1b 60 4d b0 1f 64 19
0x000000001279a617:   00 00 64 0f 64 00 00 00 00 44 8b 52 08 49 c1 e2
0x000000001279a627:   03 49 bc 00 00 00 00 08 00 00 00 4d 03 d4 4d 33
0x000000001279a637:   e4 49 3b c2 0f 85 bf d7 4e f8 66 66 90 0f 1f 84
0x000000001279a647:   00 00 00 00 00 66 66 66 90 89 84 24 00 90 ff ff
0x000000001279a657:   55 48 83 ec 30 44 8b 52 1c 44 8b 5a 18 45 3b da
0x000000001279a667:   7d 23 4c 8b 52 10 4d 63 c3 41 ff c3 44 89 5a 18
0x000000001279a677:   43 0f be 04 02 48 83 c4 30 5d 4d 8b 97 08 01 00
0x000000001279a687:   00 41 85 02 c3 48 89 14 24 48 89 54 24 08 44 89
0x000000001279a697:   5c 24 10 44 89 54 24 14 ba 4d ff ff ff 66 66 90
0x000000001279a6a7:   e8 d4 f3 4e f8 0f 0b f4 f4 f4 f4 f4 f4 f4 f4 f4
0x000000001279a6b7:   f4 f4 f4 f4 f4 f4 f4 f4 f4 e9 3b 9b 52 f8 e8 00
0x000000001279a6c7:   00 00 00 48 83 2c 24 05 e9 cc ef 4e f8 f4 f4 f4
0x000000001279a6d7:   f4 68 35 30 88 00 00 00 00 e8 05 17 00 08 00 00
0x000000001279a6e7:   00 68 5d 16 00 08 00 00 00 ff 03 00 02 00 00 00
0x000000001279a6f7:   00 02 02 01 00 42 00 01 06 01 08 00 01 00 02 02
0x000000001279a707:   00 81 00 a1 0d 02 09 13 16 00 00 00 00 00 00 00
0x000000001279a717:   00 ff ff ff ff 00 00 00 00 00 00 00 00 00 00 00
0x000000001279a727:   00 8c 00 00 00 1b 00 00 00 00 00 00 00 01 00 00
0x000000001279a737:   00 b9 00 00 00 00 00 00 00 00 00 00 00 00 00 00
0x000000001279a747:   00 00 00 00 00 00 00 00 00 00 00 00 00 00 00 00
0x000000001279a757:   00 00 00 00 00 00 00 00 00 00 00 00 00 00 00 00
0x000000001279a767:   00 00 00 00 00 00 00 00 00 00 00 00 00 00 00 00 


Stack slot to memory mapping:
stack at sp + 0 slots: 0x0000000022905018 is pointing into metadata
stack at sp + 1 slots: 0x00000000000000b6 is an unknown value
stack at sp + 2 slots: 0x000000002af4ef90 is pointing into the stack for thread: 0x000000002755b000
stack at sp + 3 slots: 0x000000000ac7db38 is at code_begin+184 in an Interpreter codelet
invokevirtual  182 invokevirtual  [0x000000000ac7da80, 0x000000000ac7dfc0]  1344 bytes
stack at sp + 4 slots: 0x000000002755b000 is a thread
stack at sp + 5 slots: 0x0 is NULL
stack at sp + 6 slots: 0x000000002af4ef90 is pointing into the stack for thread: 0x000000002755b000
stack at sp + 7 slots: 0x000000000ac69540 is at code_begin+0 in an Interpreter codelet
invoke return entry points  [0x000000000ac69540, 0x000000000ac69f60]  2592 bytes



---------------  P R O C E S S  ---------------

Threads class SMR info:
_java_thread_list=0x0000000024883200, length=25, elements={
0x00000000003e6800, 0x000000002247f800, 0x0000000022484800, 0x000000002249e800,
0x000000002249f800, 0x00000000224a2000, 0x00000000224a9000, 0x00000000224b3800,
0x000000001f277000, 0x0000000023b86800, 0x0000000023b87800, 0x00000000244e5800,
0x00000000244f1800, 0x00000000244f5000, 0x000000002548b000, 0x0000000025d5f000,
0x0000000025651800, 0x0000000024519000, 0x000000002755b000, 0x0000000025f0b800,
0x0000000025f0c800, 0x0000000025f0d000, 0x0000000025f0e000, 0x0000000025f0f000,
0x0000000025f0f800
}

Java Threads: ( => current thread )
  0x00000000003e6800 JavaThread "main" [_thread_blocked, id=2400, stack(0x0000000002120000,0x0000000002220000)]
  0x000000002247f800 JavaThread "Reference Handler" daemon [_thread_blocked, id=7256, stack(0x0000000022f40000,0x0000000023040000)]
  0x0000000022484800 JavaThread "Finalizer" daemon [_thread_blocked, id=7920, stack(0x00000000220d0000,0x00000000221d0000)]
  0x000000002249e800 JavaThread "Signal Dispatcher" daemon [_thread_blocked, id=8164, stack(0x00000000231f0000,0x00000000232f0000)]
  0x000000002249f800 JavaThread "Attach Listener" daemon [_thread_blocked, id=7504, stack(0x00000000232f0000,0x00000000233f0000)]
  0x00000000224a2000 JavaThread "C2 CompilerThread0" daemon [_thread_blocked, id=7888, stack(0x00000000234c0000,0x00000000235c0000)]
  0x00000000224a9000 JavaThread "C1 CompilerThread0" daemon [_thread_blocked, id=8084, stack(0x00000000230e0000,0x00000000231e0000)]
  0x00000000224b3800 JavaThread "Sweeper thread" daemon [_thread_blocked, id=3120, stack(0x0000000023710000,0x0000000023810000)]
  0x000000001f277000 JavaThread "Common-Cleaner" daemon [_thread_blocked, id=7196, stack(0x0000000023d10000,0x0000000023e10000)]
  0x0000000023b86800 JavaThread "Monitor Ctrl-Break" daemon [_thread_in_native, id=7816, stack(0x0000000023e50000,0x0000000023f50000)]
  0x0000000023b87800 JavaThread "Service Thread" daemon [_thread_blocked, id=7716, stack(0x00000000240b0000,0x00000000241b0000)]
  0x00000000244e5800 JavaThread "Java2D Disposer" daemon [_thread_blocked, id=5276, stack(0x0000000024ce0000,0x0000000024de0000)]
  0x00000000244f1800 JavaThread "AWT-Shutdown" [_thread_blocked, id=5264, stack(0x0000000024ec0000,0x0000000024fc0000)]
  0x00000000244f5000 JavaThread "AWT-Windows" daemon [_thread_in_native, id=7384, stack(0x0000000024fd0000,0x00000000250d0000)]
  0x000000002548b000 JavaThread "AWT-EventQueue-0" [_thread_in_native, id=7200, stack(0x0000000026490000,0x0000000026590000)]
  0x0000000025d5f000 JavaThread "TimerQueue" daemon [_thread_blocked, id=7616, stack(0x0000000028830000,0x0000000028930000)]
  0x0000000025651800 JavaThread "JavaCPP Deallocator" daemon [_thread_blocked, id=2020, stack(0x00000000286b0000,0x00000000287b0000)]
  0x0000000024519000 JavaThread "pool-1-thread-1" [_thread_blocked, id=7264, stack(0x000000002aaf0000,0x000000002abf0000)]
=>0x000000002755b000 JavaThread "pool-1-thread-2" [_thread_in_Java, id=392, stack(0x000000002ae50000,0x000000002af50000)]
  0x0000000025f0b800 JavaThread "pool-1-thread-3" [_thread_blocked, id=8076, stack(0x000000002b130000,0x000000002b230000)]
  0x0000000025f0c800 JavaThread "pool-1-thread-4" [_thread_blocked, id=4268, stack(0x000000002b260000,0x000000002b360000)]
  0x0000000025f0d000 JavaThread "pool-1-thread-5" [_thread_blocked, id=2796, stack(0x000000002b4a0000,0x000000002b5a0000)]
  0x0000000025f0e000 JavaThread "pool-1-thread-6" [_thread_blocked, id=8148, stack(0x000000002b5e0000,0x000000002b6e0000)]
  0x0000000025f0f000 JavaThread "pool-1-thread-7" [_thread_blocked, id=5068, stack(0x0000000028f20000,0x0000000029020000)]
  0x0000000025f0f800 JavaThread "pool-1-thread-8" [_thread_blocked, id=7652, stack(0x000000002b9a0000,0x000000002baa0000)]

Other Threads:
  0x000000002247c800 VMThread "VM Thread" [stack: 0x0000000022dc0000,0x0000000022ec0000] [id=8048]
  0x0000000023b94800 WatcherThread [stack: 0x00000000242a0000,0x00000000243a0000] [id=4860]
  0x000000001f189000 GCTaskThread "GC Thread#0" [stack: 0x000000001f410000,0x000000001f510000] [id=2700]
  0x0000000027a21800 GCTaskThread "GC Thread#1" [stack: 0x0000000029040000,0x0000000029140000] [id=4436]
  0x0000000025d48000 GCTaskThread "GC Thread#2" [stack: 0x0000000029250000,0x0000000029350000] [id=6332]
  0x0000000025656000 GCTaskThread "GC Thread#3" [stack: 0x0000000029470000,0x0000000029570000] [id=7316]
  0x0000000027bf4000 GCTaskThread "GC Thread#4" [stack: 0x0000000029580000,0x0000000029680000] [id=7240]
  0x000000002583a000 GCTaskThread "GC Thread#5" [stack: 0x0000000029730000,0x0000000029830000] [id=7732]
  0x000000001f196000 ConcurrentGCThread "G1 Main Marker" [stack: 0x000000001f290000,0x000000001f390000] [id=5784]
  0x000000001f19c800 ConcurrentGCThread "G1 Conc#0" [stack: 0x000000001f660000,0x000000001f760000] [id=7944]
  0x000000001f246800 ConcurrentGCThread "G1 Refine#0" [stack: 0x0000000021f60000,0x0000000022060000] [id=6580]
  0x000000001f247800 ConcurrentGCThread "G1 Young RemSet Sampling" [stack: 0x0000000022230000,0x0000000022330000] [id=6668]

Threads with active compile tasks:

VM state:not at safepoint (normal execution)

VM Mutex/Monitor currently owned by a thread: None

Heap address: 0x0000000081c00000, size: 2020 MB, Compressed Oops mode: 32-bit
Narrow klass base: 0x0000000800000000, Narrow klass shift: 3
Compressed class space size: 1073741824 Address: 0x0000000801190000

Heap:
 garbage-first heap   total 131072K, used 41542K [0x0000000081c00000, 0x0000000100000000)
  region size 1024K, 31 young (31744K), 3 survivors (3072K)
 Metaspace       used 11855K, capacity 12232K, committed 12288K, reserved 1060864K
  class space    used 1325K, capacity 1494K, committed 1536K, reserved 1048576K
Heap Regions: E=young(eden), S=young(survivor), O=old, HS=humongous(starts), HC=humongous(continues), CS=collection set, F=free, A=archive, TAMS=top-at-mark-start (previous, next)
|   0|0x0000000081c00000, 0x0000000081d00000, 0x0000000081d00000|100%|HS|  |TAMS 0x0000000081c00000, 0x0000000081c00000| Complete 
|   1|0x0000000081d00000, 0x0000000081e00000, 0x0000000081e00000|100%|HC|  |TAMS 0x0000000081d00000, 0x0000000081d00000| Complete 
|   2|0x0000000081e00000, 0x0000000081f00000, 0x0000000081f00000|100%|HC|  |TAMS 0x0000000081e00000, 0x0000000081e00000| Complete 
|   3|0x0000000081f00000, 0x0000000082000000, 0x0000000082000000|100%|HC|  |TAMS 0x0000000081f00000, 0x0000000081f00000| Complete 
|   4|0x0000000082000000, 0x0000000082100000, 0x0000000082100000|100%| O|  |TAMS 0x0000000082000000, 0x0000000082000000| Untracked 
|   5|0x0000000082100000, 0x0000000082191800, 0x0000000082200000| 56%| O|  |TAMS 0x0000000082100000, 0x0000000082100000| Untracked 
|   6|0x0000000082200000, 0x0000000082300000, 0x0000000082300000|100%|HS|  |TAMS 0x0000000082200000, 0x0000000082200000| Complete 
|   7|0x0000000082300000, 0x0000000082400000, 0x0000000082400000|100%|HC|  |TAMS 0x0000000082300000, 0x0000000082300000| Complete 
|   8|0x0000000082400000, 0x0000000082500000, 0x0000000082500000|100%|HC|  |TAMS 0x0000000082400000, 0x0000000082400000| Complete 
|   9|0x0000000082500000, 0x0000000082600000, 0x0000000082600000|100%|HC|  |TAMS 0x0000000082500000, 0x0000000082500000| Complete 
|  10|0x0000000082600000, 0x0000000082700000, 0x0000000082700000|100%|HC|  |TAMS 0x0000000082600000, 0x0000000082600000| Complete 
|  11|0x0000000082700000, 0x0000000082700000, 0x0000000082800000|  0%| F|  |TAMS 0x0000000082700000, 0x0000000082700000| Untracked 
|  12|0x0000000082800000, 0x0000000082800000, 0x0000000082900000|  0%| F|  |TAMS 0x0000000082800000, 0x0000000082800000| Untracked 
|  13|0x0000000082900000, 0x0000000082900000, 0x0000000082a00000|  0%| F|  |TAMS 0x0000000082900000, 0x0000000082900000| Untracked 
|  14|0x0000000082a00000, 0x0000000082a00000, 0x0000000082b00000|  0%| F|  |TAMS 0x0000000082a00000, 0x0000000082a00000| Untracked 
|  15|0x0000000082b00000, 0x0000000082b00000, 0x0000000082c00000|  0%| F|  |TAMS 0x0000000082b00000, 0x0000000082b00000| Untracked 
|  16|0x0000000082c00000, 0x0000000082c00000, 0x0000000082d00000|  0%| F|  |TAMS 0x0000000082c00000, 0x0000000082c00000| Untracked 
|  17|0x0000000082d00000, 0x0000000082d00000, 0x0000000082e00000|  0%| F|  |TAMS 0x0000000082d00000, 0x0000000082d00000| Untracked 
|  18|0x0000000082e00000, 0x0000000082e00000, 0x0000000082f00000|  0%| F|  |TAMS 0x0000000082e00000, 0x0000000082e00000| Untracked 
|  19|0x0000000082f00000, 0x0000000082f00000, 0x0000000083000000|  0%| F|  |TAMS 0x0000000082f00000, 0x0000000082f00000| Untracked 
|  20|0x0000000083000000, 0x0000000083000000, 0x0000000083100000|  0%| F|  |TAMS 0x0000000083000000, 0x0000000083000000| Untracked 
|  21|0x0000000083100000, 0x0000000083100000, 0x0000000083200000|  0%| F|  |TAMS 0x0000000083100000, 0x0000000083100000| Untracked 
|  22|0x0000000083200000, 0x0000000083200000, 0x0000000083300000|  0%| F|  |TAMS 0x0000000083200000, 0x0000000083200000| Untracked 
|  23|0x0000000083300000, 0x0000000083300000, 0x0000000083400000|  0%| F|  |TAMS 0x0000000083300000, 0x0000000083300000| Untracked 
|  24|0x0000000083400000, 0x0000000083400000, 0x0000000083500000|  0%| F|  |TAMS 0x0000000083400000, 0x0000000083400000| Untracked 
|  25|0x0000000083500000, 0x0000000083500000, 0x0000000083600000|  0%| F|  |TAMS 0x0000000083500000, 0x0000000083500000| Untracked 
|  26|0x0000000083600000, 0x0000000083600000, 0x0000000083700000|  0%| F|  |TAMS 0x0000000083600000, 0x0000000083600000| Untracked 
|  27|0x0000000083700000, 0x0000000083700000, 0x0000000083800000|  0%| F|  |TAMS 0x0000000083700000, 0x0000000083700000| Untracked 
|  28|0x0000000083800000, 0x0000000083800000, 0x0000000083900000|  0%| F|  |TAMS 0x0000000083800000, 0x0000000083800000| Untracked 
|  29|0x0000000083900000, 0x0000000083900000, 0x0000000083a00000|  0%| F|  |TAMS 0x0000000083900000, 0x0000000083900000| Untracked 
|  30|0x0000000083a00000, 0x0000000083a00000, 0x0000000083b00000|  0%| F|  |TAMS 0x0000000083a00000, 0x0000000083a00000| Untracked 
|  31|0x0000000083b00000, 0x0000000083b00000, 0x0000000083c00000|  0%| F|  |TAMS 0x0000000083b00000, 0x0000000083b00000| Untracked 
|  32|0x0000000083c00000, 0x0000000083c00000, 0x0000000083d00000|  0%| F|  |TAMS 0x0000000083c00000, 0x0000000083c00000| Untracked 
|  33|0x0000000083d00000, 0x0000000083d00000, 0x0000000083e00000|  0%| F|  |TAMS 0x0000000083d00000, 0x0000000083d00000| Untracked 
|  34|0x0000000083e00000, 0x0000000083e00000, 0x0000000083f00000|  0%| F|  |TAMS 0x0000000083e00000, 0x0000000083e00000| Untracked 
|  35|0x0000000083f00000, 0x0000000083f00000, 0x0000000084000000|  0%| F|  |TAMS 0x0000000083f00000, 0x0000000083f00000| Untracked 
|  36|0x0000000084000000, 0x0000000084000000, 0x0000000084100000|  0%| F|  |TAMS 0x0000000084000000, 0x0000000084000000| Untracked 
|  37|0x0000000084100000, 0x0000000084100000, 0x0000000084200000|  0%| F|  |TAMS 0x0000000084100000, 0x0000000084100000| Untracked 
|  38|0x0000000084200000, 0x0000000084200000, 0x0000000084300000|  0%| F|  |TAMS 0x0000000084200000, 0x0000000084200000| Untracked 
|  39|0x0000000084300000, 0x0000000084300000, 0x0000000084400000|  0%| F|  |TAMS 0x0000000084300000, 0x0000000084300000| Untracked 
|  40|0x0000000084400000, 0x0000000084400000, 0x0000000084500000|  0%| F|  |TAMS 0x0000000084400000, 0x0000000084400000| Untracked 
|  41|0x0000000084500000, 0x0000000084500000, 0x0000000084600000|  0%| F|  |TAMS 0x0000000084500000, 0x0000000084500000| Untracked 
|  42|0x0000000084600000, 0x0000000084600000, 0x0000000084700000|  0%| F|  |TAMS 0x0000000084600000, 0x0000000084600000| Untracked 
|  43|0x0000000084700000, 0x0000000084700000, 0x0000000084800000|  0%| F|  |TAMS 0x0000000084700000, 0x0000000084700000| Untracked 
|  44|0x0000000084800000, 0x0000000084800000, 0x0000000084900000|  0%| F|  |TAMS 0x0000000084800000, 0x0000000084800000| Untracked 
|  45|0x0000000084900000, 0x0000000084900000, 0x0000000084a00000|  0%| F|  |TAMS 0x0000000084900000, 0x0000000084900000| Untracked 
|  46|0x0000000084a00000, 0x0000000084a00000, 0x0000000084b00000|  0%| F|  |TAMS 0x0000000084a00000, 0x0000000084a00000| Untracked 
|  47|0x0000000084b00000, 0x0000000084b00000, 0x0000000084c00000|  0%| F|  |TAMS 0x0000000084b00000, 0x0000000084b00000| Untracked 
|  48|0x0000000084c00000, 0x0000000084c00000, 0x0000000084d00000|  0%| F|  |TAMS 0x0000000084c00000, 0x0000000084c00000| Untracked 
|  49|0x0000000084d00000, 0x0000000084d00000, 0x0000000084e00000|  0%| F|  |TAMS 0x0000000084d00000, 0x0000000084d00000| Untracked 
|  50|0x0000000084e00000, 0x0000000084e00000, 0x0000000084f00000|  0%| F|  |TAMS 0x0000000084e00000, 0x0000000084e00000| Untracked 
|  51|0x0000000084f00000, 0x0000000084f00000, 0x0000000085000000|  0%| F|  |TAMS 0x0000000084f00000, 0x0000000084f00000| Untracked 
|  52|0x0000000085000000, 0x0000000085000000, 0x0000000085100000|  0%| F|  |TAMS 0x0000000085000000, 0x0000000085000000| Untracked 
|  53|0x0000000085100000, 0x0000000085100000, 0x0000000085200000|  0%| F|  |TAMS 0x0000000085100000, 0x0000000085100000| Untracked 
|  54|0x0000000085200000, 0x0000000085200000, 0x0000000085300000|  0%| F|  |TAMS 0x0000000085200000, 0x0000000085200000| Untracked 
|  55|0x0000000085300000, 0x0000000085300000, 0x0000000085400000|  0%| F|  |TAMS 0x0000000085300000, 0x0000000085300000| Untracked 
|  56|0x0000000085400000, 0x0000000085400000, 0x0000000085500000|  0%| F|  |TAMS 0x0000000085400000, 0x0000000085400000| Untracked 
|  57|0x0000000085500000, 0x0000000085500000, 0x0000000085600000|  0%| F|  |TAMS 0x0000000085500000, 0x0000000085500000| Untracked 
|  58|0x0000000085600000, 0x0000000085600000, 0x0000000085700000|  0%| F|  |TAMS 0x0000000085600000, 0x0000000085600000| Untracked 
|  59|0x0000000085700000, 0x0000000085700000, 0x0000000085800000|  0%| F|  |TAMS 0x0000000085700000, 0x0000000085700000| Untracked 
|  60|0x0000000085800000, 0x0000000085800000, 0x0000000085900000|  0%| F|  |TAMS 0x0000000085800000, 0x0000000085800000| Untracked 
|  61|0x0000000085900000, 0x0000000085900000, 0x0000000085a00000|  0%| F|  |TAMS 0x0000000085900000, 0x0000000085900000| Untracked 
|  62|0x0000000085a00000, 0x0000000085a00000, 0x0000000085b00000|  0%| F|  |TAMS 0x0000000085a00000, 0x0000000085a00000| Untracked 
|  63|0x0000000085b00000, 0x0000000085b00000, 0x0000000085c00000|  0%| F|  |TAMS 0x0000000085b00000, 0x0000000085b00000| Untracked 
|  64|0x0000000085c00000, 0x0000000085c00000, 0x0000000085d00000|  0%| F|  |TAMS 0x0000000085c00000, 0x0000000085c00000| Untracked 
|  65|0x0000000085d00000, 0x0000000085d00000, 0x0000000085e00000|  0%| F|  |TAMS 0x0000000085d00000, 0x0000000085d00000| Untracked 
|  66|0x0000000085e00000, 0x0000000085e00000, 0x0000000085f00000|  0%| F|  |TAMS 0x0000000085e00000, 0x0000000085e00000| Untracked 
|  67|0x0000000085f00000, 0x0000000085f00000, 0x0000000086000000|  0%| F|  |TAMS 0x0000000085f00000, 0x0000000085f00000| Untracked 
|  68|0x0000000086000000, 0x0000000086000000, 0x0000000086100000|  0%| F|  |TAMS 0x0000000086000000, 0x0000000086000000| Untracked 
|  69|0x0000000086100000, 0x0000000086100000, 0x0000000086200000|  0%| F|  |TAMS 0x0000000086100000, 0x0000000086100000| Untracked 
|  70|0x0000000086200000, 0x0000000086200000, 0x0000000086300000|  0%| F|  |TAMS 0x0000000086200000, 0x0000000086200000| Untracked 
|  71|0x0000000086300000, 0x0000000086300000, 0x0000000086400000|  0%| F|  |TAMS 0x0000000086300000, 0x0000000086300000| Untracked 
|  72|0x0000000086400000, 0x0000000086400000, 0x0000000086500000|  0%| F|  |TAMS 0x0000000086400000, 0x0000000086400000| Untracked 
|  73|0x0000000086500000, 0x0000000086500000, 0x0000000086600000|  0%| F|  |TAMS 0x0000000086500000, 0x0000000086500000| Untracked 
|  74|0x0000000086600000, 0x0000000086600000, 0x0000000086700000|  0%| F|  |TAMS 0x0000000086600000, 0x0000000086600000| Untracked 
|  75|0x0000000086700000, 0x0000000086700000, 0x0000000086800000|  0%| F|  |TAMS 0x0000000086700000, 0x0000000086700000| Untracked 
|  76|0x0000000086800000, 0x0000000086800000, 0x0000000086900000|  0%| F|  |TAMS 0x0000000086800000, 0x0000000086800000| Untracked 
|  77|0x0000000086900000, 0x0000000086900000, 0x0000000086a00000|  0%| F|  |TAMS 0x0000000086900000, 0x0000000086900000| Untracked 
|  78|0x0000000086a00000, 0x0000000086a00000, 0x0000000086b00000|  0%| F|  |TAMS 0x0000000086a00000, 0x0000000086a00000| Untracked 
|  79|0x0000000086b00000, 0x0000000086b00000, 0x0000000086c00000|  0%| F|  |TAMS 0x0000000086b00000, 0x0000000086b00000| Untracked 
|  80|0x0000000086c00000, 0x0000000086c00000, 0x0000000086d00000|  0%| F|  |TAMS 0x0000000086c00000, 0x0000000086c00000| Untracked 
|  81|0x0000000086d00000, 0x0000000086d00000, 0x0000000086e00000|  0%| F|  |TAMS 0x0000000086d00000, 0x0000000086d00000| Untracked 
|  82|0x0000000086e00000, 0x0000000086e00000, 0x0000000086f00000|  0%| F|  |TAMS 0x0000000086e00000, 0x0000000086e00000| Untracked 
|  83|0x0000000086f00000, 0x0000000086f00000, 0x0000000087000000|  0%| F|  |TAMS 0x0000000086f00000, 0x0000000086f00000| Untracked 
|  84|0x0000000087000000, 0x0000000087000000, 0x0000000087100000|  0%| F|  |TAMS 0x0000000087000000, 0x0000000087000000| Untracked 
|  85|0x0000000087100000, 0x0000000087100000, 0x0000000087200000|  0%| F|  |TAMS 0x0000000087100000, 0x0000000087100000| Untracked 
|  86|0x0000000087200000, 0x0000000087200000, 0x0000000087300000|  0%| F|  |TAMS 0x0000000087200000, 0x0000000087200000| Untracked 
|  87|0x0000000087300000, 0x0000000087300000, 0x0000000087400000|  0%| F|  |TAMS 0x0000000087300000, 0x0000000087300000| Untracked 
|  88|0x0000000087400000, 0x0000000087400000, 0x0000000087500000|  0%| F|  |TAMS 0x0000000087400000, 0x0000000087400000| Untracked 
|  89|0x0000000087500000, 0x0000000087500000, 0x0000000087600000|  0%| F|  |TAMS 0x0000000087500000, 0x0000000087500000| Untracked 
|  90|0x0000000087600000, 0x0000000087600000, 0x0000000087700000|  0%| F|  |TAMS 0x0000000087600000, 0x0000000087600000| Untracked 
|  91|0x0000000087700000, 0x0000000087700000, 0x0000000087800000|  0%| F|  |TAMS 0x0000000087700000, 0x0000000087700000| Untracked 
|  92|0x0000000087800000, 0x0000000087800000, 0x0000000087900000|  0%| F|  |TAMS 0x0000000087800000, 0x0000000087800000| Untracked 
|  93|0x0000000087900000, 0x0000000087900000, 0x0000000087a00000|  0%| F|  |TAMS 0x0000000087900000, 0x0000000087900000| Untracked 
|  94|0x0000000087a00000, 0x0000000087a00000, 0x0000000087b00000|  0%| F|  |TAMS 0x0000000087a00000, 0x0000000087a00000| Untracked 
|  95|0x0000000087b00000, 0x0000000087b00000, 0x0000000087c00000|  0%| F|  |TAMS 0x0000000087b00000, 0x0000000087b00000| Untracked 
|  96|0x0000000087c00000, 0x0000000087c00000, 0x0000000087d00000|  0%| F|  |TAMS 0x0000000087c00000, 0x0000000087c00000| Untracked 
|  97|0x0000000087d00000, 0x0000000087d5df20, 0x0000000087e00000| 36%| E|  |TAMS 0x0000000087d00000, 0x0000000087d00000| Complete 
|  98|0x0000000087e00000, 0x0000000087f00000, 0x0000000087f00000|100%| E|CS|TAMS 0x0000000087e00000, 0x0000000087e00000| Complete 
|  99|0x0000000087f00000, 0x0000000088000000, 0x0000000088000000|100%| E|CS|TAMS 0x0000000087f00000, 0x0000000087f00000| Complete 
| 100|0x0000000088000000, 0x0000000088100000, 0x0000000088100000|100%| E|CS|TAMS 0x0000000088000000, 0x0000000088000000| Complete 
| 101|0x0000000088100000, 0x0000000088200000, 0x0000000088200000|100%| S|CS|TAMS 0x0000000088100000, 0x0000000088100000| Complete 
| 102|0x0000000088200000, 0x0000000088300000, 0x0000000088300000|100%| S|CS|TAMS 0x0000000088200000, 0x0000000088200000| Complete 
| 103|0x0000000088300000, 0x0000000088400000, 0x0000000088400000|100%| S|CS|TAMS 0x0000000088300000, 0x0000000088300000| Complete 
| 104|0x0000000088400000, 0x0000000088500000, 0x0000000088500000|100%| E|CS|TAMS 0x0000000088400000, 0x0000000088400000| Complete 
| 105|0x0000000088500000, 0x0000000088600000, 0x0000000088600000|100%| E|CS|TAMS 0x0000000088500000, 0x0000000088500000| Complete 
| 106|0x0000000088600000, 0x0000000088700000, 0x0000000088700000|100%| E|CS|TAMS 0x0000000088600000, 0x0000000088600000| Complete 
| 107|0x0000000088700000, 0x0000000088800000, 0x0000000088800000|100%| E|CS|TAMS 0x0000000088700000, 0x0000000088700000| Complete 
| 108|0x0000000088800000, 0x0000000088900000, 0x0000000088900000|100%| E|CS|TAMS 0x0000000088800000, 0x0000000088800000| Complete 
| 109|0x0000000088900000, 0x0000000088a00000, 0x0000000088a00000|100%| E|CS|TAMS 0x0000000088900000, 0x0000000088900000| Complete 
| 110|0x0000000088a00000, 0x0000000088b00000, 0x0000000088b00000|100%| E|CS|TAMS 0x0000000088a00000, 0x0000000088a00000| Complete 
| 111|0x0000000088b00000, 0x0000000088c00000, 0x0000000088c00000|100%| E|CS|TAMS 0x0000000088b00000, 0x0000000088b00000| Complete 
| 112|0x0000000088c00000, 0x0000000088d00000, 0x0000000088d00000|100%| E|CS|TAMS 0x0000000088c00000, 0x0000000088c00000| Complete 
| 113|0x0000000088d00000, 0x0000000088e00000, 0x0000000088e00000|100%| E|CS|TAMS 0x0000000088d00000, 0x0000000088d00000| Complete 
| 114|0x0000000088e00000, 0x0000000088f00000, 0x0000000088f00000|100%| E|CS|TAMS 0x0000000088e00000, 0x0000000088e00000| Complete 
| 115|0x0000000088f00000, 0x0000000089000000, 0x0000000089000000|100%| E|CS|TAMS 0x0000000088f00000, 0x0000000088f00000| Complete 
| 116|0x0000000089000000, 0x0000000089100000, 0x0000000089100000|100%| E|CS|TAMS 0x0000000089000000, 0x0000000089000000| Complete 
| 117|0x0000000089100000, 0x0000000089200000, 0x0000000089200000|100%| E|CS|TAMS 0x0000000089100000, 0x0000000089100000| Complete 
| 118|0x0000000089200000, 0x0000000089300000, 0x0000000089300000|100%| E|CS|TAMS 0x0000000089200000, 0x0000000089200000| Complete 
| 119|0x0000000089300000, 0x0000000089400000, 0x0000000089400000|100%| E|CS|TAMS 0x0000000089300000, 0x0000000089300000| Complete 
| 120|0x0000000089400000, 0x0000000089500000, 0x0000000089500000|100%| E|CS|TAMS 0x0000000089400000, 0x0000000089400000| Complete 
| 121|0x0000000089500000, 0x0000000089600000, 0x0000000089600000|100%| E|CS|TAMS 0x0000000089500000, 0x0000000089500000| Complete 
| 122|0x0000000089600000, 0x0000000089700000, 0x0000000089700000|100%| E|CS|TAMS 0x0000000089600000, 0x0000000089600000| Complete 
| 123|0x0000000089700000, 0x0000000089800000, 0x0000000089800000|100%| E|CS|TAMS 0x0000000089700000, 0x0000000089700000| Complete 
| 124|0x0000000089800000, 0x0000000089900000, 0x0000000089900000|100%| E|CS|TAMS 0x0000000089800000, 0x0000000089800000| Complete 
| 125|0x0000000089900000, 0x0000000089a00000, 0x0000000089a00000|100%| E|CS|TAMS 0x0000000089900000, 0x0000000089900000| Complete 
| 126|0x0000000089a00000, 0x0000000089b00000, 0x0000000089b00000|100%| E|CS|TAMS 0x0000000089a00000, 0x0000000089a00000| Complete 
| 127|0x0000000089b00000, 0x0000000089c00000, 0x0000000089c00000|100%| E|CS|TAMS 0x0000000089b00000, 0x0000000089b00000| Complete 

Card table byte_map: [0x000000001a9d0000,0x000000001add0000] _byte_map_base: 0x000000001a5c2000

Marking Bits (Prev, Next): (CMBitMap*) 0x000000001f189628, (CMBitMap*) 0x000000001f189668
 Prev Bits: [0x000000001b1d0000, 0x000000001d160000)
 Next Bits: [0x000000001d160000, 0x000000001f0f0000)

Polling page: 0x0000000000230000

Metaspace:

Usage:
  Non-class:     10.49 MB capacity,    10.28 MB ( 98%) used,   176.39 KB (  2%) free+waste,    31.94 KB ( <1%) overhead. 
      Class:      1.46 MB capacity,     1.29 MB ( 89%) used,   149.58 KB ( 10%) free+waste,    18.50 KB (  1%) overhead. 
       Both:     11.95 MB capacity,    11.58 MB ( 97%) used,   325.97 KB (  3%) free+waste,    50.44 KB ( <1%) overhead. 

Virtual space:
  Non-class space:       12.00 MB reserved,      10.50 MB ( 88%) committed 
      Class space:        1.00 GB reserved,       1.50 MB ( <1%) committed 
             Both:        1.01 GB reserved,      12.00 MB (  1%) committed 

Chunk freelists:
   Non-Class:  1.75 KB
       Class:  1.25 KB
        Both:  3.00 KB

CodeHeap 'non-profiled nmethods': size=120000Kb used=726Kb max_used=726Kb free=119274Kb
 bounds [0x0000000012730000, 0x00000000129a0000, 0x0000000019c60000]
CodeHeap 'profiled nmethods': size=120000Kb used=3357Kb max_used=3357Kb free=116642Kb
 bounds [0x000000000b200000, 0x000000000b550000, 0x0000000012730000]
CodeHeap 'non-nmethods': size=5760Kb used=1253Kb max_used=1316Kb free=4506Kb
 bounds [0x000000000ac60000, 0x000000000aed0000, 0x000000000b200000]
 total_blobs=2715 nmethods=1675 adapters=543
 compilation: enabled
              stopped_count=0, restarted_count=0
 full_count=0

Compilation events (10 events):
Event: 3.452 Thread 0x00000000224a9000 1667  s    1       java.awt.EventDispatchThread::getEventQueue (5 bytes)
Event: 3.452 Thread 0x00000000224a9000 nmethod 1667 0x00000000127e4b90 code [0x00000000127e4d40, 0x00000000127e5018]
Event: 3.460 Thread 0x00000000224a9000 1668       3       java.nio.ByteBuffer::arrayOffset (35 bytes)
Event: 3.460 Thread 0x00000000224a9000 nmethod 1668 0x000000000b544990 code [0x000000000b544b80, 0x000000000b544ee0]
Event: 3.465 Thread 0x00000000224a9000 1669       3       java.lang.StringUTF16::length (5 bytes)
Event: 3.465 Thread 0x00000000224a9000 nmethod 1669 0x000000000b545010 code [0x000000000b5451c0, 0x000000000b545318]
Event: 3.469 Thread 0x00000000224a9000 1670       3       sun.awt.EventQueueItem::<init> (10 bytes)
Event: 3.470 Thread 0x00000000224a9000 nmethod 1670 0x000000000b545410 code [0x000000000b5455e0, 0x000000000b545818]
Event: 3.477 Thread 0x00000000224a9000 1671       3       java.awt.event.InputEvent::getModifiers (8 bytes)
Event: 3.477 Thread 0x00000000224a9000 nmethod 1671 0x000000000b545910 code [0x000000000b545ac0, 0x000000000b545c38]

GC Heap History (2 events):
Event: 1.828 GC heap before
{Heap before GC invocations=0 (full 0):
 garbage-first heap   total 131072K, used 28672K [0x0000000081c00000, 0x0000000100000000)
  region size 1024K, 24 young (24576K), 0 survivors (0K)
 Metaspace       used 10554K, capacity 10913K, committed 11136K, reserved 1058816K
  class space    used 1168K, capacity 1333K, committed 1408K, reserved 1048576K
}
Event: 1.842 GC heap after
{Heap after GC invocations=1 (full 0):
 garbage-first heap   total 131072K, used 8774K [0x0000000081c00000, 0x0000000100000000)
  region size 1024K, 3 young (3072K), 3 survivors (3072K)
 Metaspace       used 10554K, capacity 10913K, committed 11136K, reserved 1058816K
  class space    used 1168K, capacity 1333K, committed 1408K, reserved 1048576K
}

Deoptimization events (10 events):
Event: 1.431 Thread 0x00000000003e6800 Uncommon trap: reason=unstable_if action=reinterpret pc=0x0000000012741e10 method=java.io.WinNTFileSystem.isSlash(C)Z @ 9 c2
Event: 1.451 Thread 0x00000000003e6800 Uncommon trap: reason=unstable_if action=reinterpret pc=0x000000001276d9e8 method=java.util.HashMap.getNode(ILjava/lang/Object;)Ljava/util/HashMap$Node; @ 62 c2
Event: 1.451 Thread 0x00000000003e6800 Uncommon trap: reason=class_check action=maybe_recompile pc=0x0000000012780f8c method=java.util.HashMap.putVal(ILjava/lang/Object;Ljava/lang/Object;ZZ)Ljava/lang/Object; @ 91 c2
Event: 1.451 Thread 0x00000000003e6800 Uncommon trap: reason=class_check action=maybe_recompile pc=0x0000000012780f8c method=java.util.HashMap.putVal(ILjava/lang/Object;Ljava/lang/Object;ZZ)Ljava/lang/Object; @ 91 c2
Event: 1.647 Thread 0x00000000003e6800 Uncommon trap: reason=bimorphic_or_optimized_type_check action=maybe_recompile pc=0x0000000012798eb0 method=java.util.HashMap.putVal(ILjava/lang/Object;Ljava/lang/Object;ZZ)Ljava/lang/Object; @ 152 c2
Event: 1.675 Thread 0x00000000003e6800 Uncommon trap: reason=bimorphic_or_optimized_type_check action=maybe_recompile pc=0x0000000012798e08 method=java.util.HashMap.putVal(ILjava/lang/Object;Ljava/lang/Object;ZZ)Ljava/lang/Object; @ 56 c2
Event: 1.676 Thread 0x00000000003e6800 Uncommon trap: reason=bimorphic_or_optimized_type_check action=maybe_recompile pc=0x0000000012798e08 method=java.util.HashMap.putVal(ILjava/lang/Object;Ljava/lang/Object;ZZ)Ljava/lang/Object; @ 56 c2
Event: 1.676 Thread 0x00000000003e6800 Uncommon trap: reason=bimorphic_or_optimized_type_check action=maybe_recompile pc=0x0000000012798e08 method=java.util.HashMap.putVal(ILjava/lang/Object;Ljava/lang/Object;ZZ)Ljava/lang/Object; @ 56 c2
Event: 3.015 Thread 0x00000000003e6800 Uncommon trap: reason=intrinsic_or_type_checked_inlining action=make_not_entrant pc=0x00000000127dd87c method=java.util.Arrays.copyOf([Ljava/lang/Object;ILjava/lang/Class;)[Ljava/lang/Object; @ 35 c2
Event: 3.389 Thread 0x00000000003e6800 Uncommon trap: reason=unstable_if action=reinterpret pc=0x00000000127d6d34 method=jdk.internal.loader.URLClassPath$FileLoader.getResource(Ljava/lang/String;Z)Ljdk/internal/loader/Resource; @ 139 c2

Classes redefined (0 events):
No events

Internal exceptions (10 events):
Event: 0.600 Thread 0x00000000003e6800 Exception <a 'java/lang/ClassNotFoundException'{0x0000000089538b50}: com/sun/swing/internal/plaf/metal/resources/spi/metalProvider> (0x0000000089538b50) thrown at [t:/workspace/open/src/hotspot/share/classfile/systemDictionary.cpp, line 235]
Event: 0.604 Thread 0x00000000003e6800 Exception <a 'java/lang/ClassNotFoundException'{0x000000008953ed38}: com/sun/swing/internal/plaf/basic/resources/spi/basicProvider> (0x000000008953ed38) thrown at [t:/workspace/open/src/hotspot/share/classfile/systemDictionary.cpp, line 235]
Event: 0.709 Thread 0x00000000003e6800 Exception <a 'java/io/FileNotFoundException'{0x00000000895b4f38}> (0x00000000895b4f38) thrown at [t:/workspace/open/src/hotspot/share/prims/jni.cpp, line 615]
Event: 0.709 Thread 0x00000000003e6800 Exception <a 'java/lang/NullPointerException'{0x00000000895b5950}> (0x00000000895b5950) thrown at [t:/workspace/open/src/hotspot/share/interpreter/linkResolver.cpp, line 1356]
Event: 1.210 Thread 0x00000000003e6800 Exception <a 'java/lang/NoSuchMethodError'{0x0000000088a97958}: java.lang.invoke.DirectMethodHandle$Holder.invokeStaticInit(Ljava/lang/Object;)V> (0x0000000088a97958) thrown at [t:/workspace/open/src/hotspot/share/interpreter/linkResolver.cpp, line 777]
Event: 1.223 Thread 0x00000000003e6800 Exception <a 'java/lang/NoSuchMethodError'{0x0000000088ac1df8}: java.lang.invoke.Invokers$Holder.linkToTargetMethod(Ljava/lang/Object;ILjava/lang/Object;)Ljava/lang/Object;> (0x0000000088ac1df8) thrown at [t:/workspace/open/src/hotspot/share/interpreter/l
Event: 1.482 Thread 0x00000000003e6800 Exception <a 'java/lang/NoSuchMethodError'{0x00000000888b6428}: java.lang.invoke.DirectMethodHandle$Holder.invokeStaticInit(Ljava/lang/Object;Ljava/lang/Object;Ljava/lang/Object;Ljava/lang/Object;)I> (0x00000000888b6428) thrown at [t:/workspace/open/src/h
Event: 1.484 Thread 0x00000000003e6800 Exception <a 'java/lang/IncompatibleClassChangeError'{0x00000000888befe8}: Found class java.lang.Object, but interface was expected> (0x00000000888befe8) thrown at [t:/workspace/open/src/hotspot/share/interpreter/linkResolver.cpp, line 843]
Event: 1.485 Thread 0x00000000003e6800 Exception <a 'java/lang/NoSuchMethodError'{0x00000000888c1db0}: java.lang.invoke.DirectMethodHandle$Holder.invokeStaticInit(Ljava/lang/Object;Ljava/lang/Object;)V> (0x00000000888c1db0) thrown at [t:/workspace/open/src/hotspot/share/interpreter/linkResolve
Event: 1.487 Thread 0x00000000003e6800 Exception <a 'java/lang/NoSuchMethodError'{0x00000000888c6b38}: java.lang.invoke.DirectMethodHandle$Holder.invokeStaticInit(Ljava/lang/Object;Ljava/lang/Object;)I> (0x00000000888c6b38) thrown at [t:/workspace/open/src/hotspot/share/interpreter/linkResolve

Events (10 events):
Event: 3.451 Thread 0x0000000025f0f000 Thread added: 0x0000000025f0f000
Event: 3.459 Thread 0x0000000025f0f800 Thread added: 0x0000000025f0f800
Event: 3.474 loading class java/awt/image/DataBufferByte
Event: 3.474 loading class java/awt/image/DataBufferByte done
Event: 3.480 loading class java/awt/image/PixelInterleavedSampleModel
Event: 3.480 loading class java/awt/image/PixelInterleavedSampleModel done
Event: 3.480 loading class sun/awt/image/ByteInterleavedRaster
Event: 3.480 loading class sun/awt/image/ByteComponentRaster
Event: 3.481 loading class sun/awt/image/ByteComponentRaster done
Event: 3.481 loading class sun/awt/image/ByteInterleavedRaster done


Dynamic libraries:
0x000000013f570000 - 0x000000013f57f000 	C:\Program Files\Java\jdk-12.0.2\bin\java.exe
0x0000000076ea0000 - 0x000000007703f000 	C:\Windows\SYSTEM32\ntdll.dll
0x0000000076b40000 - 0x0000000076c5f000 	C:\Windows\system32\kernel32.dll
0x000007fefca70000 - 0x000007fefcada000 	C:\Windows\system32\KERNELBASE.dll
0x000007fef3210000 - 0x000007fef3228000 	C:\Program Files\Java\jdk-12.0.2\bin\jli.dll
0x000007fefdae0000 - 0x000007fefdbbb000 	C:\Windows\system32\ADVAPI32.dll
0x000007fefe400000 - 0x000007fefe49f000 	C:\Windows\system32\msvcrt.dll
0x000007fefee50000 - 0x000007fefee6f000 	C:\Windows\SYSTEM32\sechost.dll
0x000007fefef70000 - 0x000007feff09d000 	C:\Windows\system32\RPCRT4.dll
0x000007fefa7f0000 - 0x000007fefa9e4000 	C:\Windows\WinSxS\amd64_microsoft.windows.common-controls_6595b64144ccf1df_6.0.7601.18837_none_fa3b1e3d17594757\COMCTL32.dll
0x000007fefe9a0000 - 0x000007fefea07000 	C:\Windows\system32\GDI32.dll
0x0000000076da0000 - 0x0000000076e9a000 	C:\Windows\system32\USER32.dll
0x000007fefea10000 - 0x000007fefea1e000 	C:\Windows\system32\LPK.dll
0x000007feff0a0000 - 0x000007feff16b000 	C:\Windows\system32\USP10.dll
0x000007fefd9b0000 - 0x000007fefda21000 	C:\Windows\system32\SHLWAPI.dll
0x000007fefc6f0000 - 0x000007fefc6fc000 	C:\Windows\system32\VERSION.dll
0x000007fef8bb0000 - 0x000007fef8bc6000 	C:\Program Files\Java\jdk-12.0.2\bin\VCRUNTIME140.dll
0x000007fef3200000 - 0x000007fef3204000 	C:\Program Files\Java\jdk-12.0.2\bin\api-ms-win-crt-runtime-l1-1-0.dll
0x000007fee33c0000 - 0x000007fee34b6000 	C:\Program Files\Java\jdk-12.0.2\bin\ucrtbase.DLL
0x000007fef9b90000 - 0x000007fef9b93000 	C:\Program Files\Java\jdk-12.0.2\bin\api-ms-win-core-localization-l1-2-0.dll
0x000007fef31f0000 - 0x000007fef31f3000 	C:\Program Files\Java\jdk-12.0.2\bin\api-ms-win-core-processthreads-l1-1-1.dll
0x000007fef3050000 - 0x000007fef3053000 	C:\Program Files\Java\jdk-12.0.2\bin\api-ms-win-core-file-l1-2-0.dll
0x000007fef2dc0000 - 0x000007fef2dc3000 	C:\Program Files\Java\jdk-12.0.2\bin\api-ms-win-core-timezone-l1-1-0.dll
0x000007fef2db0000 - 0x000007fef2db3000 	C:\Program Files\Java\jdk-12.0.2\bin\api-ms-win-core-file-l2-1-0.dll
0x000007fef2da0000 - 0x000007fef2da3000 	C:\Program Files\Java\jdk-12.0.2\bin\api-ms-win-core-synch-l1-2-0.dll
0x000007fef2c80000 - 0x000007fef2c84000 	C:\Program Files\Java\jdk-12.0.2\bin\api-ms-win-crt-string-l1-1-0.dll
0x000007fef2530000 - 0x000007fef2533000 	C:\Program Files\Java\jdk-12.0.2\bin\api-ms-win-crt-heap-l1-1-0.dll
0x000007fef2520000 - 0x000007fef2524000 	C:\Program Files\Java\jdk-12.0.2\bin\api-ms-win-crt-stdio-l1-1-0.dll
0x000007fef2510000 - 0x000007fef2514000 	C:\Program Files\Java\jdk-12.0.2\bin\api-ms-win-crt-convert-l1-1-0.dll
0x000007fef2500000 - 0x000007fef2503000 	C:\Program Files\Java\jdk-12.0.2\bin\api-ms-win-crt-environment-l1-1-0.dll
0x000007fef24f0000 - 0x000007fef24f3000 	C:\Program Files\Java\jdk-12.0.2\bin\api-ms-win-crt-filesystem-l1-1-0.dll
0x000007fef24e0000 - 0x000007fef24e5000 	C:\Program Files\Java\jdk-12.0.2\bin\api-ms-win-crt-math-l1-1-0.dll
0x000007fef24d0000 - 0x000007fef24d3000 	C:\Program Files\Java\jdk-12.0.2\bin\api-ms-win-crt-locale-l1-1-0.dll
0x000007fefdab0000 - 0x000007fefdade000 	C:\Windows\system32\IMM32.DLL
0x000007fefeba0000 - 0x000007fefeca9000 	C:\Windows\system32\MSCTF.dll
0x000007fefc700000 - 0x000007fefc730000 	C:\Windows\system32\nvinitx.dll
0x0000000071730000 - 0x0000000071737000 	C:\Program Files\NVIDIA Corporation\CoProcManager\detoured.dll
0x000007fef7820000 - 0x000007fef7858000 	C:\Program Files\NVIDIA Corporation\CoProcManager\nvd3d9wrapx.dll
0x000007fefe770000 - 0x000007fefe947000 	C:\Windows\system32\SETUPAPI.dll
0x000007fefc8a0000 - 0x000007fefc8d6000 	C:\Windows\system32\CFGMGR32.dll
0x000007fefeac0000 - 0x000007fefeb9a000 	C:\Windows\system32\OLEAUT32.dll
0x000007fefdbc0000 - 0x000007fefddbf000 	C:\Windows\system32\ole32.dll
0x000007fefc7f0000 - 0x000007fefc80a000 	C:\Windows\system32\DEVOBJ.dll
0x000007fef7560000 - 0x000007fef7584000 	C:\Program Files\NVIDIA Corporation\CoProcManager\nvdxgiwrapx.dll
0x000007fef1260000 - 0x000007fef130a000 	C:\Program Files\Java\jdk-12.0.2\bin\msvcp140.dll
0x000007fef24c0000 - 0x000007fef24c5000 	C:\Program Files\Java\jdk-12.0.2\bin\api-ms-win-crt-multibyte-l1-1-0.dll
0x000007fef24b0000 - 0x000007fef24b3000 	C:\Program Files\Java\jdk-12.0.2\bin\api-ms-win-crt-time-l1-1-0.dll
0x000007fef24a0000 - 0x000007fef24a3000 	C:\Program Files\Java\jdk-12.0.2\bin\api-ms-win-crt-utility-l1-1-0.dll
0x000007fedef40000 - 0x000007fedfab7000 	C:\Program Files\Java\jdk-12.0.2\bin\server\jvm.dll
0x000007fef4280000 - 0x000007fef4289000 	C:\Windows\system32\WSOCK32.dll
0x000007fefe950000 - 0x000007fefe99d000 	C:\Windows\system32\WS2_32.dll
0x000007fefee40000 - 0x000007fefee48000 	C:\Windows\system32\NSI.dll
0x000007fefc840000 - 0x000007fefc87b000 	C:\Windows\system32\WINMM.dll
0x0000000077040000 - 0x0000000077047000 	C:\Windows\system32\PSAPI.DLL
0x000007fef2480000 - 0x000007fef2491000 	C:\Program Files\Java\jdk-12.0.2\bin\verify.dll
0x000007feea460000 - 0x000007feea585000 	C:\Windows\system32\DBGHELP.DLL
0x000007fef2450000 - 0x000007fef2476000 	C:\Program Files\Java\jdk-12.0.2\bin\java.dll
0x000007fef2440000 - 0x000007fef244e000 	C:\Program Files\Java\jdk-12.0.2\bin\instrument.dll
0x000007fef11f0000 - 0x000007fef1207000 	C:\Program Files\Java\jdk-12.0.2\bin\zip.dll
0x000007fef2430000 - 0x000007fef243a000 	C:\Program Files\Java\jdk-12.0.2\bin\jimage.dll
0x000007fefcc20000 - 0x000007fefd9ab000 	C:\Windows\system32\SHELL32.dll
0x000007fefc7c0000 - 0x000007fefc7cf000 	C:\Windows\system32\profapi.dll
0x000007fef11d0000 - 0x000007fef11e9000 	C:\Program Files\Java\jdk-12.0.2\bin\net.dll
0x000007fef7f10000 - 0x000007fef7f81000 	C:\Windows\system32\WINHTTP.dll
0x000007fef7ea0000 - 0x000007fef7f05000 	C:\Windows\system32\webio.dll
0x000007fefe270000 - 0x000007fefe3f8000 	C:\Windows\system32\urlmon.dll
0x0000000000270000 - 0x0000000000274000 	C:\Windows\system32\api-ms-win-downlevel-ole32-l1-1-0.dll
0x000007fefc7e0000 - 0x000007fefc7e4000 	C:\Windows\system32\api-ms-win-downlevel-shlwapi-l1-1-0.dll
0x000007fefca50000 - 0x000007fefca55000 	C:\Windows\system32\api-ms-win-downlevel-advapi32-l1-1-0.dll
0x000007fefc830000 - 0x000007fefc834000 	C:\Windows\system32\api-ms-win-downlevel-user32-l1-1-0.dll
0x000007fefcc00000 - 0x000007fefcc04000 	C:\Windows\system32\api-ms-win-downlevel-version-l1-1-0.dll
0x000007fefcc10000 - 0x000007fefcc13000 	C:\Windows\system32\api-ms-win-downlevel-normaliz-l1-1-0.dll
0x0000000077050000 - 0x0000000077053000 	C:\Windows\system32\normaliz.DLL
0x000007fefe4a0000 - 0x000007fefe76a000 	C:\Windows\system32\iertutil.dll
0x000007fefddc0000 - 0x000007fefe26c000 	C:\Windows\system32\WININET.dll
0x000007fefc880000 - 0x000007fefc89e000 	C:\Windows\system32\USERENV.dll
0x000007fefbf20000 - 0x000007fefbf75000 	C:\Windows\system32\mswsock.dll
0x000007fefbf10000 - 0x000007fefbf17000 	C:\Windows\System32\wship6.dll
0x000007feee5a0000 - 0x000007feee5b3000 	C:\Program Files\Java\jdk-12.0.2\bin\nio.dll
0x000007feee580000 - 0x000007feee59a000 	D:\IntelliJ IDEA 2019.1.3\bin\breakgen64.dll
0x000007fee1850000 - 0x000007fee19ef000 	C:\Program Files\Java\jdk-12.0.2\bin\awt.dll
0x000007fee1340000 - 0x000007fee1704000 	C:\Windows\system32\d2d1.dll
0x000007fefc810000 - 0x000007fefc828000 	C:\Windows\system32\DWMAPI.DLL
0x000007fee41a0000 - 0x000007fee42bd000 	C:\Windows\system32\opengl32.dll
0x000007fef3aa0000 - 0x000007fef3acd000 	C:\Windows\system32\GLU32.dll
0x000007fefed40000 - 0x000007fefee31000 	C:\Windows\system32\DDRAW.dll
0x000007fefcae0000 - 0x000007fefcae8000 	C:\Windows\system32\DCIMAN32.dll
0x000007fefa790000 - 0x000007fefa7e6000 	C:\Windows\system32\uxtheme.dll
0x000007fefc620000 - 0x000007fefc62f000 	C:\Windows\system32\CRYPTBASE.dll
0x000007fee3950000 - 0x000007fee39d0000 	C:\Program Files\Java\jdk-12.0.2\bin\freetype.dll
0x000007fee3510000 - 0x000007fee35bb000 	C:\Program Files\Java\jdk-12.0.2\bin\fontmanager.dll
0x000007fefeed0000 - 0x000007fefef69000 	C:\Windows\system32\CLBCatQ.DLL
0x000007fefa230000 - 0x000007fefa391000 	C:\Windows\system32\WindowsCodecs.dll
0x000007fefc5c0000 - 0x000007fefc617000 	C:\Windows\system32\apphelp.dll
0x000007fef4400000 - 0x000007fef4478000 	C:\Program Files (x86)\360\360Safe\safemon\360UDiskGuard64.dll
0x000007fef43c0000 - 0x000007fef43f5000 	C:\Windows\system32\EhStorShell.dll
0x000007fefacb0000 - 0x000007fefaddc000 	C:\Windows\system32\PROPSYS.dll
0x000007fef4340000 - 0x000007fef43be000 	C:\Windows\System32\cscui.dll
0x000007fef4330000 - 0x000007fef433c000 	C:\Windows\System32\CSCDLL.dll
0x000007fef4320000 - 0x000007fef432f000 	C:\Windows\system32\CSCAPI.dll
0x000007fef42a0000 - 0x000007fef4320000 	C:\Windows\system32\ntshrui.dll
0x000007fefc190000 - 0x000007fefc1b3000 	C:\Windows\system32\srvcli.dll
0x000007fef9f80000 - 0x000007fef9f8b000 	C:\Windows\system32\slc.dll
0x000007fee3300000 - 0x000007fee33bb000 	C:\Users\Administrator\.javacpp\cache\ffmpeg-4.0.2-1.4.3-windows-x86_64.jar\org\bytedeco\javacpp\windows-x86_64\avutil-56.dll
0x000007fefc0d0000 - 0x000007fefc0f2000 	C:\Windows\system32\bcrypt.dll
0x000000006fe00000 - 0x000000006fee7000 	C:\Users\Administrator\.javacpp\cache\ffmpeg-4.0.2-1.4.3-windows-x86_64.jar\org\bytedeco\javacpp\windows-x86_64\jniavutil.dll
0x000007fee3920000 - 0x000007fee3947000 	C:\Users\Administrator\.javacpp\cache\ffmpeg-4.0.2-1.4.3-windows-x86_64.jar\org\bytedeco\javacpp\windows-x86_64\swresample-3.dll
0x0000000070080000 - 0x00000000700ae000 	C:\Users\Administrator\.javacpp\cache\ffmpeg-4.0.2-1.4.3-windows-x86_64.jar\org\bytedeco\javacpp\windows-x86_64\jniswresample.dll
0x000007fedccb0000 - 0x000007fedef31000 	C:\Users\Administrator\.javacpp\cache\ffmpeg-4.0.2-1.4.3-windows-x86_64.jar\org\bytedeco\javacpp\windows-x86_64\avcodec-58.dll
0x000000006a1c0000 - 0x000000006a424000 	C:\Users\Administrator\.javacpp\cache\ffmpeg-4.0.2-1.4.3-windows-x86_64.jar\org\bytedeco\javacpp\windows-x86_64\jniavcodec.dll
0x000007fee0170000 - 0x000007fee0631000 	C:\Users\Administrator\.javacpp\cache\ffmpeg-4.0.2-1.4.3-windows-x86_64.jar\org\bytedeco\javacpp\windows-x86_64\avformat-58.dll
0x000007fefc8e0000 - 0x000007fefca4d000 	C:\Windows\system32\CRYPT32.dll
0x000007fefc7d0000 - 0x000007fefc7df000 	C:\Windows\system32\MSASN1.dll
0x000000006abc0000 - 0x000000006ad0a000 	C:\Users\Administrator\.javacpp\cache\ffmpeg-4.0.2-1.4.3-windows-x86_64.jar\org\bytedeco\javacpp\windows-x86_64\jniavformat.dll
0x000007fee3060000 - 0x000007fee30f5000 	C:\Users\Administrator\.javacpp\cache\ffmpeg-4.0.2-1.4.3-windows-x86_64.jar\org\bytedeco\javacpp\windows-x86_64\swscale-5.dll
0x0000000067cc0000 - 0x0000000067cf6000 	C:\Users\Administrator\.javacpp\cache\ffmpeg-4.0.2-1.4.3-windows-x86_64.jar\org\bytedeco\javacpp\windows-x86_64\jniswscale.dll
0x000007fee44b0000 - 0x000007fee44da000 	C:\Users\Administrator\.javacpp\cache\ffmpeg-4.0.2-1.4.3-windows-x86_64.jar\org\bytedeco\javacpp\windows-x86_64\postproc-55.dll
0x000000006a0c0000 - 0x000000006a0ed000 	C:\Users\Administrator\.javacpp\cache\ffmpeg-4.0.2-1.4.3-windows-x86_64.jar\org\bytedeco\javacpp\windows-x86_64\jnipostproc.dll
0x000007fee0fb0000 - 0x000007fee1331000 	C:\Users\Administrator\.javacpp\cache\ffmpeg-4.0.2-1.4.3-windows-x86_64.jar\org\bytedeco\javacpp\windows-x86_64\avfilter-7.dll
0x0000000064400000 - 0x0000000064477000 	C:\Users\Administrator\.javacpp\cache\ffmpeg-4.0.2-1.4.3-windows-x86_64.jar\org\bytedeco\javacpp\windows-x86_64\jniavfilter.dll
0x000007fee3870000 - 0x000007fee389c000 	C:\Users\Administrator\.javacpp\cache\ffmpeg-4.0.2-1.4.3-windows-x86_64.jar\org\bytedeco\javacpp\windows-x86_64\avdevice-58.dll
0x000007feee0f0000 - 0x000007feee107000 	C:\Windows\system32\AVICAP32.dll
0x000007fee3840000 - 0x000007fee3869000 	C:\Windows\system32\MSVFW32.dll
0x000000001f620000 - 0x000000001f659000 	C:\Users\Administrator\.javacpp\cache\ffmpeg-4.0.2-1.4.3-windows-x86_64.jar\org\bytedeco\javacpp\windows-x86_64\jniavdevice.dll

dbghelp: loaded successfully - version: 4.0.5 - missing functions: none
symbol engine: initialized successfully - sym options: 0x614 - pdb path: .;C:\Program Files\Java\jdk-12.0.2\bin;C:\Windows\SYSTEM32;C:\Windows\WinSxS\amd64_microsoft.windows.common-controls_6595b64144ccf1df_6.0.7601.18837_none_fa3b1e3d17594757;C:\Program Files\NVIDIA Corporation\CoProcManager;C:\Program Files\Java\jdk-12.0.2\bin\server;D:\IntelliJ IDEA 2019.1.3\bin;C:\Program Files (x86)\360\360Safe\safemon;C:\Users\Administrator\.javacpp\cache\ffmpeg-4.0.2-1.4.3-windows-x86_64.jar\org\bytedeco\javacpp\windows-x86_64

VM Arguments:
jvm_args: -javaagent:D:\IntelliJ IDEA 2019.1.3\lib\idea_rt.jar=51430:D:\IntelliJ IDEA 2019.1.3\bin -Dfile.encoding=UTF-8 
java_command: Start
java_class_path (initial): D:\ideaWorkSpace\VideoToStr\target\classes;C:\Users\Administrator\.m2\repository\org\bytedeco\javacv\1.4.3\javacv-1.4.3.jar;C:\Users\Administrator\.m2\repository\org\bytedeco\javacpp\1.4.3\javacpp-1.4.3.jar;C:\Users\Administrator\.m2\repository\org\bytedeco\javacpp-presets\opencv\3.4.3-1.4.3\opencv-3.4.3-1.4.3.jar;C:\Users\Administrator\.m2\repository\org\bytedeco\javacpp-presets\ffmpeg\4.0.2-1.4.3\ffmpeg-4.0.2-1.4.3.jar;C:\Users\Administrator\.m2\repository\org\bytedeco\javacpp-presets\flycapture\2.11.3.121-1.4.3\flycapture-2.11.3.121-1.4.3.jar;C:\Users\Administrator\.m2\repository\org\bytedeco\javacpp-presets\libdc1394\2.2.5-1.4.3\libdc1394-2.2.5-1.4.3.jar;C:\Users\Administrator\.m2\repository\org\bytedeco\javacpp-presets\libfreenect\0.5.3-1.4.3\libfreenect-0.5.3-1.4.3.jar;C:\Users\Administrator\.m2\repository\org\bytedeco\javacpp-presets\libfreenect2\0.2.0-1.4.3\libfreenect2-0.2.0-1.4.3.jar;C:\Users\Administrator\.m2\repository\org\bytedeco\javacpp-presets\librealsense\1.12.1-1.4.3\librealsense-1.12.1-1.4.3.jar;C:\Users\Administrator\.m2\repository\org\bytedeco\javacpp-presets\videoinput\0.200-1.4.3\videoinput-0.200-1.4.3.jar;C:\Users\Administrator\.m2\repository\org\bytedeco\javacpp-presets\artoolkitplus\2.3.1-1.4.3\artoolkitplus-2.3.1-1.4.3.jar;C:\Users\Administrator\.m2\repository\org\bytedeco\javacpp-presets\flandmark\1.07-1.4.3\flandmark-1.07-1.4.3.jar;C:\Users\Administrator\.m2\repository\org\bytedeco\javacpp-presets\leptonica\1.76.0-1.4.3\leptonica-1.76.0-1.4.3.jar;C:\Users\Administrator\.m2\repository\org\bytedeco\javacpp-presets\tesseract\4.0.0-rc2-1.4.3\tesseract-4.0.0-rc2-1.4.3.jar;C:\Users\Administrator\.m2\repository\org\bytedeco\javacpp-presets\ffmpeg-platform\4.0.2-1.4.3\ffmpeg-platform-4.0.2-1.4.3.jar;C:\Users\Administrator\.m2\repository\org\bytedeco\javacpp-presets\ffmpeg\4.0.2-1.4.3\ffmpeg-4.0.2-1.4.3-android-arm.jar;C:\Users\Administrator\.m2\repository\org\bytedeco\javacpp-presets\ffmpeg\4.0.2-1.4.3\ffmpeg-4.0.2-1
Launcher Type: SUN_STANDARD

[Global flags]
     intx CICompilerCount                          = 4                                         {product} {ergonomic}
     uint ConcGCThreads                            = 2                                         {product} {ergonomic}
     uint G1ConcRefinementThreads                  = 8                                         {product} {ergonomic}
   size_t G1HeapRegionSize                         = 1048576                                   {product} {ergonomic}
    uintx GCDrainStackTargetSize                   = 64                                        {product} {ergonomic}
   size_t InitialHeapSize                          = 134217728                                 {product} {ergonomic}
   size_t MarkStackSize                            = 4194304                                   {product} {ergonomic}
   size_t MaxHeapSize                              = 2118123520                                {product} {ergonomic}
   size_t MaxNewSize                               = 1270874112                                {product} {ergonomic}
   size_t MinHeapDeltaBytes                        = 1048576                                   {product} {ergonomic}
    uintx NonNMethodCodeHeapSize                   = 5836300                                {pd product} {ergonomic}
    uintx NonProfiledCodeHeapSize                  = 122910970                              {pd product} {ergonomic}
    uintx ProfiledCodeHeapSize                     = 122910970                              {pd product} {ergonomic}
    uintx ReservedCodeCacheSize                    = 251658240                              {pd product} {ergonomic}
     bool SegmentedCodeCache                       = true                                      {product} {ergonomic}
     bool UseCompressedClassPointers               = true                                 {lp64_product} {ergonomic}
     bool UseCompressedOops                        = true                                 {lp64_product} {ergonomic}
     bool UseG1GC                                  = true                                      {product} {ergonomic}
     bool UseLargePagesIndividualAllocation        = false                                  {pd product} {ergonomic}

Logging:
Log output configuration:
 #0: stdout all=warning uptime,level,tags
 #1: stderr all=off uptime,level,tags

Environment Variables:
JAVA_HOME=C:\Program Files\Java\jdk-12.0.2
PATH=C:\Program Files (x86)\Common Files\Oracle\Java\javapath;C:\Windows\system32;C:\Windows;C:\Windows\System32\Wbem;C:\Windows\System32\WindowsPowerShell\v1.0\;C:\Program Files\Java\jdk-12.0.2\bin;;C:\Program Files\NVIDIA Corporation\NVIDIA NvDLISR;C:\Program Files (x86)\NVIDIA Corporation\PhysX\Common;D:\Node-js\;;D:\Microsoft VS Code\bin;C:\Users\Administrator\AppData\Roaming\npm
USERNAME=Administrator
OS=Windows_NT
PROCESSOR_IDENTIFIER=Intel64 Family 6 Model 58 Stepping 9, GenuineIntel



---------------  S Y S T E M  ---------------

OS: Windows 7 , 64 bit Build 7601 (6.1.7601.24308)

CPU:total 8 (initial active 8) (4 cores per cpu, 2 threads per core) family 6 model 58 stepping 9, cmov, cx8, fxsr, mmx, sse, sse2, sse3, ssse3, sse4.1, sse4.2, popcnt, avx, aes, clmul, erms, ht, tsc, tscinvbit, tscinv

Memory: 4k page, system-wide physical 8074M (2363M free)
TotalPageFile size 16146M (AvailPageFile size 8739M)
current process WorkingSet (physical memory assigned to process): 141M, peak: 161M
current process commit charge ("private bytes"): 276M, peak: 302M

vm_info: Java HotSpot(TM) 64-Bit Server VM (12.0.2+10) for windows-amd64 JRE (12.0.2+10), built on Jul 16 2019 01:56:17 by "mach5one" with MS VC++ 15.5 (VS2017)

END.
